============================= test session starts ==============================
platform linux -- Python 3.11.15, pytest-9.1.1, pluggy-1.6.0 -- /opt/hostedtoolcache/Python/3.11.15/x64/bin/python
cachedir: .pytest_cache
rootdir: /home/runner/work/zennity-engine-game/zennity-engine-game
configfile: pytest.ini (WARNING: ignoring pytest config in pyproject.toml!)
testpaths: tests
plugins: cov-7.1.0, env-1.6.0
collecting ... collected 1986 items / 1 skipped

tests/animation/test_animation.py::TestAnimationEvent::test_defaults PASSED [  0%]
tests/animation/test_animation.py::TestAnimationEvent::test_fired_can_be_set PASSED [  0%]
tests/animation/test_animation.py::TestAnimationClip::test_frame_count PASSED [  0%]
tests/animation/test_animation.py::TestAnimationClip::test_duration PASSED [  0%]
tests/animation/test_animation.py::TestAnimationClip::test_fps_minimum PASSED [  0%]
tests/animation/test_animation.py::TestAnimationClip::test_loop_default_true PASSED [  0%]
tests/animation/test_animation.py::TestAnimationClip::test_loop_false PASSED [  0%]
tests/animation/test_animation.py::TestAnimationClip::test_frames_stored PASSED [  0%]
tests/animation/test_animation.py::TestAnimationClip::test_flip_h_mirrors_frames PASSED [  0%]
tests/animation/test_animation.py::TestAnimationClip::test_no_flip_h_preserves_frames PASSED [  0%]
tests/animation/test_animation.py::TestAnimationClip::test_add_event_returns_self PASSED [  0%]
tests/animation/test_animation.py::TestAnimationClip::test_add_event_stored PASSED [  0%]
tests/animation/test_animation.py::TestAnimationClip::test_multiple_events PASSED [  0%]
tests/animation/test_animation.py::TestAnimationClip::test_repr PASSED   [  0%]
tests/animation/test_animation.py::TestAnimatorInit::test_current_clip_none_initially PASSED [  0%]
tests/animation/test_animation.py::TestAnimatorInit::test_is_finished_false_initially PASSED [  0%]
tests/animation/test_animation.py::TestAnimatorInit::test_add_clip_returns_self PASSED [  0%]
tests/animation/test_animation.py::TestAnimatorInit::test_add_transition_returns_self PASSED [  0%]
tests/animation/test_animation.py::TestAnimatorInit::test_play_unknown_no_crash PASSED [  0%]
tests/animation/test_animation.py::TestAnimatorInit::test_play_sets_current PASSED [  1%]
tests/animation/test_animation.py::TestAnimatorInit::test_play_resets_frame_and_timer PASSED [  1%]
tests/animation/test_animation.py::TestAnimatorInit::test_play_same_clip_no_restart PASSED [  1%]
tests/animation/test_animation.py::TestAnimatorInit::test_play_same_clip_force_restarts PASSED [  1%]
tests/animation/test_animation.py::TestAnimatorInit::test_start_plays_default PASSED [  1%]
tests/animation/test_animation.py::TestAnimatorInit::test_start_no_default_no_crash PASSED [  1%]
tests/animation/test_animation.py::TestAnimatorUpdate::test_update_no_clip_no_crash PASSED [  1%]
tests/animation/test_animation.py::TestAnimatorUpdate::test_update_advances_frame PASSED [  1%]
tests/animation/test_animation.py::TestAnimatorUpdate::test_update_multiple_frames_one_call PASSED [  1%]
tests/animation/test_animation.py::TestAnimatorUpdate::test_update_loops PASSED [  1%]
tests/animation/test_animation.py::TestAnimatorUpdate::test_update_non_loop_stops PASSED [  1%]
tests/animation/test_animation.py::TestAnimatorUpdate::test_update_non_loop_calls_on_finish PASSED [  1%]
tests/animation/test_animation.py::TestAnimatorUpdate::test_update_finished_does_not_advance PASSED [  1%]
tests/animation/test_animation.py::TestAnimatorUpdate::test_update_dt_zero_no_advance PASSED [  1%]
tests/animation/test_animation.py::TestAnimatorEvents::test_event_fires_on_correct_frame PASSED [  1%]
tests/animation/test_animation.py::TestAnimatorEvents::test_event_fires_only_once_per_pass PASSED [  1%]
tests/animation/test_animation.py::TestAnimatorEvents::test_event_fires_again_after_loop PASSED [  1%]
tests/animation/test_animation.py::TestAnimatorTransitions::test_transition_fires_when_true PASSED [  1%]
tests/animation/test_animation.py::TestAnimatorTransitions::test_transition_does_not_fire_when_false PASSED [  1%]
tests/animation/test_animation.py::TestAnimatorTransitions::test_wildcard_transition PASSED [  1%]
tests/animation/test_animation.py::TestAnimatorTransitions::test_transition_exception_no_crash PASSED [  2%]
tests/animation/test_animation.py::TestAnimatorTransitions::test_no_self_transition PASSED [  2%]
tests/animation/test_animation.py::TestAnimatorPushFrame::test_push_frame_updates_sprite_renderer PASSED [  2%]
tests/animation/test_animation.py::TestAnimatorPushFrame::test_push_frame_no_game_object_no_crash PASSED [  2%]
tests/animation/test_animation.py::TestAnimatorState::test_is_playing_true PASSED [  2%]
tests/animation/test_animation.py::TestAnimatorState::test_is_playing_false_for_other PASSED [  2%]
tests/animation/test_animation.py::TestAnimatorState::test_current_clip_none_when_no_play PASSED [  2%]
tests/animation/test_animation.py::TestAnimatorState::test_repr_contains_clip_name PASSED [  2%]
tests/animation/test_animation_runtime_foundation.py::test_keyframe_creation_and_serialization PASSED [  2%]
tests/animation/test_animation_runtime_foundation.py::test_animation_clip_samples_interpolated_properties PASSED [  2%]
tests/animation/test_animation_runtime_foundation.py::test_animator_play_pause_and_stop PASSED [  2%]
tests/animation/test_animation_runtime_foundation.py::test_animator_loop_wraps_clip_time PASSED [  2%]
tests/animation/test_animation_runtime_foundation.py::test_animator_uses_official_time_delta_time PASSED [  2%]
tests/animation/test_animation_runtime_foundation.py::test_animator_changes_runtime_transform_and_preserves_editor_world PASSED [  2%]
tests/animation/test_animation_runtime_foundation.py::test_animator_component_serializes_and_deserializes PASSED [  2%]
tests/animation/test_animation_runtime_foundation.py::test_scene_serialization_preserves_animator_component PASSED [  2%]
tests/animation/test_animator.py::TestInit::test_no_clips_on_init PASSED [  2%]
tests/animation/test_animator.py::TestInit::test_no_current_on_init PASSED [  2%]
tests/animation/test_animator.py::TestInit::test_frame_index_zero PASSED [  2%]
tests/animation/test_animator.py::TestInit::test_timer_zero PASSED       [  2%]
tests/animation/test_animator.py::TestInit::test_finished_false PASSED   [  3%]
tests/animation/test_animator.py::TestInit::test_on_finish_none PASSED   [  3%]
tests/animation/test_animator.py::TestInit::test_default_clip_stored PASSED [  3%]
tests/animation/test_animator.py::TestAddClip::test_add_clip_registers PASSED [  3%]
tests/animation/test_animator.py::TestAddClip::test_add_clip_returns_self PASSED [  3%]
tests/animation/test_animator.py::TestAddClip::test_add_multiple_clips PASSED [  3%]
tests/animation/test_animator.py::TestAddClip::test_add_clip_overwrites_same_name PASSED [  3%]
tests/animation/test_animator.py::TestPlay::test_play_sets_current PASSED [  3%]
tests/animation/test_animator.py::TestPlay::test_play_resets_frame_index PASSED [  3%]
tests/animation/test_animator.py::TestPlay::test_play_resets_timer PASSED [  3%]
tests/animation/test_animator.py::TestPlay::test_play_clears_finished PASSED [  3%]
tests/animation/test_animator.py::TestPlay::test_play_unknown_clip_no_crash PASSED [  3%]
tests/animation/test_animator.py::TestPlay::test_play_same_clip_no_restart_without_force PASSED [  3%]
tests/animation/test_animator.py::TestPlay::test_play_force_restarts PASSED [  3%]
tests/animation/test_animator.py::TestPlay::test_play_transition_between_clips PASSED [  3%]
tests/animation/test_animator.py::TestStart::test_start_plays_default_clip PASSED [  3%]
tests/animation/test_animator.py::TestStart::test_start_no_default_no_crash PASSED [  3%]
tests/animation/test_animator.py::TestStart::test_start_unknown_default_no_crash PASSED [  3%]
tests/animation/test_animator.py::TestUpdateFrameAdvance::test_update_no_clip_no_crash PASSED [  3%]
tests/animation/test_animator.py::TestUpdateFrameAdvance::test_update_advances_frame_after_duration PASSED [  3%]
tests/animation/test_animator.py::TestUpdateFrameAdvance::test_update_no_advance_before_duration PASSED [  4%]
tests/animation/test_animator.py::TestUpdateFrameAdvance::test_update_multiple_frames_large_dt PASSED [  4%]
tests/animation/test_animator.py::TestUpdateFrameAdvance::test_update_loops_back_to_zero PASSED [  4%]
tests/animation/test_animator.py::TestUpdateFrameAdvance::test_update_stops_at_last_frame_nonloop PASSED [  4%]
tests/animation/test_animator.py::TestUpdateFrameAdvance::test_update_frozen_when_finished PASSED [  4%]
tests/animation/test_animator.py::TestUpdateFrameAdvance::test_timer_accumulates_correctly PASSED [  4%]
tests/animation/test_animator.py::TestUpdateFrameAdvance::test_timer_reset_after_frame_advance PASSED [  4%]
tests/animation/test_animator.py::TestOnFinish::test_on_finish_called_when_nonloop_ends PASSED [  4%]
tests/animation/test_animator.py::TestOnFinish::test_on_finish_not_called_for_loop_clip PASSED [  4%]
tests/animation/test_animator.py::TestOnFinish::test_on_finish_called_once_even_with_many_updates PASSED [  4%]
tests/animation/test_animator.py::TestTransitions::test_add_transition_returns_self PASSED [  4%]
tests/animation/test_animator.py::TestTransitions::test_transition_fires_when_condition_true PASSED [  4%]
tests/animation/test_animator.py::TestTransitions::test_transition_not_fires_when_condition_false PASSED [  4%]
tests/animation/test_animator.py::TestTransitions::test_global_transition_fires_from_any_state PASSED [  4%]
tests/animation/test_animator.py::TestTransitions::test_transition_condition_exception_ignored PASSED [  4%]
tests/animation/test_animator.py::TestTransitions::test_no_self_transition PASSED [  4%]
tests/animation/test_animator.py::TestAnimationEvents::test_event_fires_at_correct_frame PASSED [  4%]
tests/animation/test_animator.py::TestAnimationEvents::test_event_not_fired_before_frame PASSED [  4%]
tests/animation/test_animator.py::TestAnimationEvents::test_event_fired_only_once_per_cycle PASSED [  4%]
tests/animation/test_animator.py::TestAnimationEvents::test_event_resets_on_loop PASSED [  4%]
tests/animation/test_animator.py::TestStateQueries::test_current_clip_none_initially PASSED [  5%]
tests/animation/test_animator.py::TestStateQueries::test_current_clip_after_play PASSED [  5%]
tests/animation/test_animator.py::TestStateQueries::test_is_playing_true PASSED [  5%]
tests/animation/test_animator.py::TestStateQueries::test_is_playing_false_different_clip PASSED [  5%]
tests/animation/test_animator.py::TestStateQueries::test_is_playing_false_no_clip PASSED [  5%]
tests/animation/test_animator.py::TestStateQueries::test_is_finished_false_initially PASSED [  5%]
tests/animation/test_animator.py::TestStateQueries::test_is_finished_true_after_nonloop_ends PASSED [  5%]
tests/animation/test_animator.py::TestStateQueries::test_repr_contains_clip_name PASSED [  5%]
tests/animation/test_animator.py::TestStateQueries::test_repr_contains_frame_index PASSED [  5%]
tests/animation/test_animator_controller_asset.py::test_controller_round_trip PASSED [  5%]
tests/animation/test_animator_controller_asset.py::test_runtime_changes_state_and_consumes_trigger PASSED [  5%]
tests/animation/test_animator_controller_asset.py::test_normalization_removes_invalid_references PASSED [  5%]
tests/animation/test_animator_controller_asset.py::test_validation_reports_empty_and_missing_animations PASSED [  5%]
tests/animation/test_animator_controller_asset.py::test_exit_time_priority_and_non_interruptible_transition PASSED [  5%]
tests/animation/test_animator_controller_demo.py::test_demo_scene_references_complete_reusable_assets PASSED [  5%]
tests/animation/test_animator_controller_demo.py::test_demo_controller_exercises_walk_jump_attack_and_exit_time PASSED [  5%]
tests/animation/test_animator_controller_demo.py::test_demo_clips_define_audio_and_hitbox_events PASSED [  5%]
tests/animation/test_animator_controller_demo.py::test_demo_scripts_expose_gameplay_and_state_hooks PASSED [  5%]
tests/animation/test_animator_controller_demo.py::test_demo_scene_json_survives_save_reload_shape PASSED [  5%]
tests/animation/test_clip.py::TestAnimationEvent::test_frame_index_stored PASSED [  5%]
tests/animation/test_clip.py::TestAnimationEvent::test_callback_stored PASSED [  6%]
tests/animation/test_clip.py::TestAnimationEvent::test_fired_defaults_false PASSED [  6%]
tests/animation/test_clip.py::TestAnimationEvent::test_fired_can_be_set_true PASSED [  6%]
tests/animation/test_clip.py::TestAnimationEvent::test_callback_is_callable PASSED [  6%]
tests/animation/test_clip.py::TestAnimationEvent::test_two_events_independent PASSED [  6%]
tests/animation/test_clip.py::TestAnimationClipInit::test_name_stored PASSED [  6%]
tests/animation/test_clip.py::TestAnimationClipInit::test_fps_stored PASSED [  6%]
tests/animation/test_clip.py::TestAnimationClipInit::test_fps_minimum_clamped PASSED [  6%]
tests/animation/test_clip.py::TestAnimationClipInit::test_fps_negative_clamped PASSED [  6%]
tests/animation/test_clip.py::TestAnimationClipInit::test_loop_stored_true PASSED [  6%]
tests/animation/test_clip.py::TestAnimationClipInit::test_loop_stored_false PASSED [  6%]
tests/animation/test_clip.py::TestAnimationClipInit::test_frames_stored_as_list PASSED [  6%]
tests/animation/test_clip.py::TestAnimationClipInit::test_frames_are_copy_not_same_list PASSED [  6%]
tests/animation/test_clip.py::TestAnimationClipInit::test_events_empty_on_init PASSED [  6%]
tests/animation/test_clip.py::TestAnimationClipInit::test_no_flip_h_does_not_call_transform PASSED [  6%]
tests/animation/test_clip.py::TestFlipH::test_flip_h_calls_transform_for_each_frame PASSED [  6%]
tests/animation/test_clip.py::TestFlipH::test_flip_h_replaces_frames_with_flipped PASSED [  6%]
tests/animation/test_clip.py::TestFlipH::test_flip_h_preserves_frame_count PASSED [  6%]
tests/animation/test_clip.py::TestFlipH::test_flip_h_called_with_correct_args PASSED [  6%]
tests/animation/test_clip.py::TestFlipH::test_no_flip_h_frames_identical_to_input PASSED [  6%]
tests/animation/test_clip.py::TestFrameCount::test_frame_count_matches_input PASSED [  7%]
tests/animation/test_clip.py::TestFrameCount::test_frame_count_one PASSED [  7%]
tests/animation/test_clip.py::TestFrameCount::test_frame_count_zero PASSED [  7%]
tests/animation/test_clip.py::TestDuration::test_duration_4_frames_10fps PASSED [  7%]
tests/animation/test_clip.py::TestDuration::test_duration_8_frames_8fps PASSED [  7%]
tests/animation/test_clip.py::TestDuration::test_duration_zero_frames PASSED [  7%]
tests/animation/test_clip.py::TestDuration::test_duration_scales_with_fps PASSED [  7%]
tests/animation/test_clip.py::TestAddEvent::test_add_event_returns_self PASSED [  7%]
tests/animation/test_clip.py::TestAddEvent::test_add_event_appended_to_events PASSED [  7%]
tests/animation/test_clip.py::TestAddEvent::test_add_multiple_events PASSED [  7%]
tests/animation/test_clip.py::TestAddEvent::test_add_event_fired_starts_false PASSED [  7%]
tests/animation/test_clip.py::TestAddEvent::test_add_event_chaining PASSED [  7%]
tests/animation/test_clip.py::TestAddEvent::test_events_property_returns_list PASSED [  7%]
tests/animation/test_clip.py::TestAddEvent::test_events_with_constructor_events_param PASSED [  7%]
tests/animation/test_clip.py::TestRepr::test_repr_contains_name PASSED   [  7%]
tests/animation/test_clip.py::TestRepr::test_repr_contains_frame_count PASSED [  7%]
tests/animation/test_clip.py::TestRepr::test_repr_contains_fps PASSED    [  7%]
tests/animation/test_clip.py::TestRepr::test_repr_contains_loop PASSED   [  7%]
tests/animation/test_clip_asset.py::test_normalize_legacy_clip_builds_contiguous_frames PASSED [  7%]
tests/animation/test_clip_asset.py::test_zanim_round_trip_is_human_readable PASSED [  8%]
tests/animation/test_clip_asset.py::test_asset_to_clip_preserves_current_play_mode_contract PASSED [  8%]
tests/animation/test_clip_asset.py::test_animation_events_are_normalized_and_preserved_in_runtime_clip PASSED [  8%]
tests/assets/test_asset_database.py::test_scan_creates_assets_folder PASSED [  8%]
tests/assets/test_asset_database.py::test_scan_recognizes_types_and_creates_meta PASSED [  8%]
tests/assets/test_asset_database.py::test_meta_uuid_is_stable_across_refresh PASSED [  8%]
tests/assets/test_asset_database.py::test_list_assets_by_type_and_lookup PASSED [  8%]
tests/assets/test_asset_database.py::test_scan_ignores_meta_as_primary_asset PASSED [  8%]
tests/assets/test_asset_database.py::test_remove_missing_assets_deletes_orphan_meta PASSED [  8%]
tests/assets/test_asset_database.py::test_asset_paths_are_project_relative PASSED [  8%]
tests/assets/test_asset_database.py::test_zscene_uses_relative_asset_reference PASSED [  8%]
tests/assets/test_asset_importer.py::test_asset_importer_recognizes_supported_types PASSED [  8%]
tests/assets/test_asset_importer.py::test_asset_importer_unknown_type PASSED [  8%]
tests/behavior/test_behavior_controller_asset.py::test_round_trip_uses_zbehavior_extension PASSED [  8%]
tests/behavior/test_behavior_controller_asset.py::test_runtime_evaluates_priority_and_consumes_trigger PASSED [  8%]
tests/behavior/test_behavior_controller_asset.py::test_normalization_removes_invalid_states_and_transitions PASSED [  8%]
tests/behavior/test_behavior_controller_asset.py::test_validation_reports_missing_script PASSED [  8%]
tests/behavior/test_behavior_controller_asset.py::test_runner_calls_exit_before_enter_on_transition PASSED [  8%]
tests/behavior/test_behavior_controller_asset.py::test_repository_demo_is_complete PASSED [  8%]
tests/beta/test_beta_stabilization.py::test_beta_complete_project_flow_keeps_editor_world_intact PASSED [  8%]
tests/beta/test_beta_stabilization.py::test_beta_old_scene_and_prefab_formats_remain_compatible PASSED [  9%]
tests/beta/test_beta_stabilization.py::test_getting_started_example_scene_is_loadable PASSED [  9%]
tests/components/test_component_management.py::test_add_component_command_adds_component PASSED [  9%]
tests/components/test_component_management.py::test_remove_component_command_removes_component PASSED [  9%]
tests/components/test_component_management.py::test_undo_and_redo_add_component PASSED [  9%]
tests/components/test_component_management.py::test_undo_and_redo_remove_component_restores_same_instance_and_order PASSED [  9%]
tests/components/test_component_management.py::test_cannot_remove_transform PASSED [  9%]
tests/components/test_component_management.py::test_cannot_add_duplicate_unique_component PASSED [  9%]
tests/components/test_component_management.py::test_inspector_adds_and_removes_components_with_undo_redo PASSED [  9%]
tests/components/test_component_management.py::test_inspector_blocks_transform_removal PASSED [  9%]
tests/components/test_component_management.py::test_inspector_available_components_respects_unique_components PASSED [  9%]
tests/components/test_component_management.py::test_serialization_reflects_added_and_removed_components PASSED [  9%]
tests/components/test_component_management.py::test_prefab_serialization_keeps_component_changes PASSED [  9%]
tests/components/test_component_system.py::test_component_has_identity_type_enabled_and_serializes PASSED [  9%]
tests/components/test_component_system.py::test_component_registry_registers_and_creates_component PASSED [  9%]
tests/components/test_component_system.py::test_game_object_add_remove_find_components_and_prevent_unique_duplicates PASSED [  9%]
tests/components/test_component_system.py::test_game_object_transform_is_required PASSED [  9%]
tests/components/test_component_system.py::test_builtin_components_are_registered PASSED [  9%]
tests/components/test_component_system.py::test_component_serialization_round_trip PASSED [  9%]
tests/components/test_component_system.py::test_old_scene_component_format_still_loads PASSED [  9%]
tests/components/test_component_system.py::test_old_prefab_format_still_loads PASSED [ 10%]
tests/components/test_component_system.py::test_prefab_serializes_component_items PASSED [ 10%]
tests/components/test_component_system.py::test_inspector_lists_components_and_edits_with_undo_redo PASSED [ 10%]
tests/components/test_inspector_plugin_system.py::test_inspector_plugin_registry_registers_and_resolves_plugin PASSED [ 10%]
tests/components/test_inspector_plugin_system.py::test_default_plugins_resolve_builtin_components PASSED [ 10%]
tests/components/test_inspector_plugin_system.py::test_inspector_hosts_plugins_for_multiple_components PASSED [ 10%]
tests/components/test_inspector_plugin_system.py::test_inspector_handles_missing_plugin PASSED [ 10%]
tests/components/test_inspector_plugin_system.py::test_plugin_edit_uses_undo_redo PASSED [ 10%]
tests/components/test_inspector_plugin_system.py::test_inspector_switches_selection_and_rebuilds_plugins PASSED [ 10%]
tests/components/test_inspector_plugin_system.py::test_new_component_and_plugin_appear_without_inspector_change PASSED [ 10%]
tests/components/test_inspector_plugin_system.py::test_inspector_dock_does_not_import_concrete_component_widgets PASSED [ 10%]
tests/core/test_application.py::TestSingleton::test_single_instance_allowed PASSED [ 10%]
tests/core/test_application.py::TestSingleton::test_second_instance_raises PASSED [ 10%]
tests/core/test_application.py::TestSingleton::test_current_returns_instance PASSED [ 10%]
tests/core/test_application.py::TestSingleton::test_current_raises_before_instantiation PASSED [ 10%]
tests/core/test_application.py::TestServiceLocator::test_register_and_get_by_exact_type PASSED [ 10%]
tests/core/test_application.py::TestServiceLocator::test_get_unknown_raises_key_error PASSED [ 10%]
tests/core/test_application.py::TestServiceLocator::test_register_as_and_get_by_interface PASSED [ 10%]
tests/core/test_application.py::TestServiceLocator::test_register_as_overrides_existing PASSED [ 10%]
tests/core/test_application.py::TestServiceLocator::test_has_returns_true_for_registered PASSED [ 10%]
tests/core/test_application.py::TestServiceLocator::test_has_returns_false_for_unregistered PASSED [ 11%]
tests/core/test_application.py::TestBuiltins::test_window_is_registered PASSED [ 11%]
tests/core/test_application.py::TestBuiltins::test_time_is_registered PASSED [ 11%]
tests/core/test_application.py::TestBuiltins::test_event_bus_is_registered PASSED [ 11%]
tests/core/test_application.py::TestBuiltins::test_scene_manager_is_registered PASSED [ 11%]
tests/core/test_application.py::TestBuiltins::test_engine_is_registered PASSED [ 11%]
tests/core/test_application.py::TestBuiltins::test_input_is_registered PASSED [ 11%]
tests/core/test_application.py::TestBuiltins::test_get_time_returns_time_instance PASSED [ 11%]
tests/core/test_application.py::TestBuiltins::test_get_event_bus_returns_event_bus_instance PASSED [ 11%]
tests/core/test_application.py::TestRepr::test_repr_contains_application PASSED [ 11%]
tests/core/test_application.py::TestRepr::test_repr_contains_service_count PASSED [ 11%]
tests/core/test_application.py::TestRepr::test_repr_contains_scene_none_when_no_scene PASSED [ 11%]
tests/core/test_application.py::TestConvenienceProperties::test_screen_property_is_not_none PASSED [ 11%]
tests/core/test_application.py::TestConvenienceProperties::test_current_scene_is_none_before_run PASSED [ 11%]
tests/core/test_component.py::TestComponentInit::test_game_object_none_by_default PASSED [ 11%]
tests/core/test_component.py::TestComponentInit::test_started_false_by_default PASSED [ 11%]
tests/core/test_component.py::TestComponentInit::test_repr_detached PASSED [ 11%]
tests/core/test_component.py::TestComponentInit::test_repr_with_game_object PASSED [ 11%]
tests/core/test_component.py::TestComponentInit::test_repr_shows_started_state PASSED [ 11%]
tests/core/test_component.py::TestComponentLifecycle::test_start_is_noop_by_default PASSED [ 11%]
tests/core/test_component.py::TestComponentLifecycle::test_update_is_noop_by_default PASSED [ 12%]
tests/core/test_component.py::TestComponentLifecycle::test_draw_is_noop_by_default PASSED [ 12%]
tests/core/test_component.py::TestComponentLifecycle::test_destroy_is_noop_by_default PASSED [ 12%]
tests/core/test_component.py::TestComponentLifecycle::test_subclass_can_override_start PASSED [ 12%]
tests/core/test_component.py::TestComponentLifecycle::test_subclass_update_receives_dt PASSED [ 12%]
tests/core/test_component.py::TestComponentProperties::test_transform_property_returns_go_transform PASSED [ 12%]
tests/core/test_component.py::TestComponentProperties::test_transform_property_raises_when_detached PASSED [ 12%]
tests/core/test_component.py::TestComponentProperties::test_scene_property_returns_none_when_detached PASSED [ 12%]
tests/core/test_component.py::TestComponentProperties::test_scene_property_delegates_to_game_object PASSED [ 12%]
tests/core/test_component.py::TestTransformInit::test_default_position_zero PASSED [ 12%]
tests/core/test_component.py::TestTransformInit::test_default_rotation_zero PASSED [ 12%]
tests/core/test_component.py::TestTransformInit::test_default_scale_one PASSED [ 12%]
tests/core/test_component.py::TestTransformInit::test_custom_init_values PASSED [ 12%]
tests/core/test_component.py::TestTransformInit::test_position_array_dtype_float32 PASSED [ 12%]
tests/core/test_component.py::TestTransformInit::test_rotation_array_dtype_float32 PASSED [ 12%]
tests/core/test_component.py::TestTransformInit::test_scale_array_dtype_float32 PASSED [ 12%]
tests/core/test_component.py::TestTransformSetters::test_set_x PASSED    [ 12%]
tests/core/test_component.py::TestTransformSetters::test_set_y PASSED    [ 12%]
tests/core/test_component.py::TestTransformSetters::test_set_z PASSED    [ 12%]
tests/core/test_component.py::TestTransformSetters::test_set_rx PASSED   [ 12%]
tests/core/test_component.py::TestTransformSetters::test_set_ry PASSED   [ 13%]
tests/core/test_component.py::TestTransformSetters::test_set_rz PASSED   [ 13%]
tests/core/test_component.py::TestTransformSetters::test_set_sx PASSED   [ 13%]
tests/core/test_component.py::TestTransformSetters::test_set_sy PASSED   [ 13%]
tests/core/test_component.py::TestTransformSetters::test_set_sz PASSED   [ 13%]
tests/core/test_component.py::TestTransformSetters::test_set_position_array PASSED [ 13%]
tests/core/test_component.py::TestTransformSetters::test_set_rotation_array PASSED [ 13%]
tests/core/test_component.py::TestTransformSetters::test_set_scale_array PASSED [ 13%]
tests/core/test_component.py::TestTransformTranslate::test_translate_xy PASSED [ 13%]
tests/core/test_component.py::TestTransformTranslate::test_translate_z_default_zero PASSED [ 13%]
tests/core/test_component.py::TestTransformTranslate::test_translate_z_explicit PASSED [ 13%]
tests/core/test_component.py::TestTransformTranslate::test_translate_accumulates PASSED [ 13%]
tests/core/test_component.py::TestTransformTranslate::test_translate_negative PASSED [ 13%]
tests/core/test_component.py::TestTransformRotate::test_rotate_rz PASSED [ 13%]
tests/core/test_component.py::TestTransformRotate::test_rotate_accumulates PASSED [ 13%]
tests/core/test_component.py::TestTransformRotate::test_rotate_all_axes PASSED [ 13%]
tests/core/test_component.py::TestTransformModelMatrix::test_get_model_matrix_returns_4x4 PASSED [ 13%]
tests/core/test_component.py::TestTransformModelMatrix::test_get_model_matrix_identity_at_origin PASSED [ 13%]
tests/core/test_component.py::TestTransformModelMatrix::test_world_position_alias PASSED [ 13%]
tests/core/test_component.py::TestTransformModelMatrix::test_world_rotation_no_parent PASSED [ 13%]
tests/core/test_component.py::TestTransformModelMatrix::test_world_rotation_with_parent PASSED [ 14%]
tests/core/test_component.py::TestTransformRepr::test_repr_detached PASSED [ 14%]
tests/core/test_component.py::TestTransformRepr::test_repr_with_game_object PASSED [ 14%]
tests/core/test_component.py::TestTransformRepr::test_repr_shows_position PASSED [ 14%]
tests/core/test_component.py::TestTransformRepr::test_repr_shows_rotation PASSED [ 14%]
tests/core/test_event_bus.py::TestSubscribe::test_subscribe_adds_listener PASSED [ 14%]
tests/core/test_event_bus.py::TestSubscribe::test_subscribe_duplicate_ignored PASSED [ 14%]
tests/core/test_event_bus.py::TestSubscribe::test_subscribe_multiple_listeners PASSED [ 14%]
tests/core/test_event_bus.py::TestSubscribe::test_subscribe_different_events_independent PASSED [ 14%]
tests/core/test_event_bus.py::TestSubscribe::test_has_listeners_true_after_subscribe PASSED [ 14%]
tests/core/test_event_bus.py::TestSubscribe::test_has_listeners_false_for_unknown_event PASSED [ 14%]
tests/core/test_event_bus.py::TestUnsubscribe::test_unsubscribe_removes_listener PASSED [ 14%]
tests/core/test_event_bus.py::TestUnsubscribe::test_unsubscribe_nonexistent_no_error PASSED [ 14%]
tests/core/test_event_bus.py::TestUnsubscribe::test_unsubscribe_unknown_event_no_error PASSED [ 14%]
tests/core/test_event_bus.py::TestUnsubscribe::test_unsubscribe_one_of_many PASSED [ 14%]
tests/core/test_event_bus.py::TestUnsubscribe::test_unsubscribe_does_not_affect_other_events PASSED [ 14%]
tests/core/test_event_bus.py::TestEmit::test_emit_calls_listener PASSED  [ 14%]
tests/core/test_event_bus.py::TestEmit::test_emit_passes_kwargs PASSED   [ 14%]
tests/core/test_event_bus.py::TestEmit::test_emit_calls_all_listeners PASSED [ 14%]
tests/core/test_event_bus.py::TestEmit::test_emit_unknown_event_no_error PASSED [ 15%]
tests/core/test_event_bus.py::TestEmit::test_emit_exception_in_listener_does_not_stop_others PASSED [ 15%]
tests/core/test_event_bus.py::TestEmit::test_emit_multiple_times PASSED  [ 15%]
tests/core/test_event_bus.py::TestEmit::test_emit_does_not_affect_other_events PASSED [ 15%]
tests/core/test_event_bus.py::TestOnce::test_once_called_on_first_emit PASSED [ 15%]
tests/core/test_event_bus.py::TestOnce::test_once_not_called_on_second_emit PASSED [ 15%]
tests/core/test_event_bus.py::TestOnce::test_once_removed_after_call PASSED [ 15%]
tests/core/test_event_bus.py::TestOnce::test_once_receives_kwargs PASSED [ 15%]
tests/core/test_event_bus.py::TestOnce::test_once_and_regular_together PASSED [ 15%]
tests/core/test_event_bus.py::TestOnce::test_once_unsubscribe_before_emit PASSED [ 15%]
tests/core/test_event_bus.py::TestEmitDeferred::test_emit_deferred_does_not_call_immediately PASSED [ 15%]
tests/core/test_event_bus.py::TestEmitDeferred::test_emit_deferred_increments_pending_count PASSED [ 15%]
tests/core/test_event_bus.py::TestEmitDeferred::test_emit_deferred_multiple_increments_count PASSED [ 15%]
tests/core/test_event_bus.py::TestEmitDeferred::test_flush_dispatches_deferred PASSED [ 15%]
tests/core/test_event_bus.py::TestEmitDeferred::test_flush_clears_queue PASSED [ 15%]
tests/core/test_event_bus.py::TestEmitDeferred::test_flush_dispatches_in_order PASSED [ 15%]
tests/core/test_event_bus.py::TestEmitDeferred::test_flush_empty_queue_no_error PASSED [ 15%]
tests/core/test_event_bus.py::TestEmitDeferred::test_flush_does_not_double_dispatch PASSED [ 15%]
tests/core/test_event_bus.py::TestClear::test_clear_event_removes_listeners PASSED [ 15%]
tests/core/test_event_bus.py::TestClear::test_clear_event_does_not_affect_others PASSED [ 15%]
tests/core/test_event_bus.py::TestClear::test_clear_all_removes_everything PASSED [ 16%]
tests/core/test_event_bus.py::TestClear::test_clear_unknown_event_no_error PASSED [ 16%]
tests/core/test_event_bus.py::TestClear::test_clear_also_removes_once_listeners PASSED [ 16%]
tests/core/test_event_bus.py::TestInspection::test_listener_count_zero_for_new_event PASSED [ 16%]
tests/core/test_event_bus.py::TestInspection::test_listener_count_correct_after_subscribe PASSED [ 16%]
tests/core/test_event_bus.py::TestInspection::test_pending_count_zero_initially PASSED [ 16%]
tests/core/test_event_bus.py::TestInspection::test_pending_count_after_emit_deferred PASSED [ 16%]
tests/core/test_event_bus.py::TestInstanceAlias::test_publish_calls_listener PASSED [ 16%]
tests/core/test_event_bus.py::TestInstanceAlias::test_has_subscribers_true PASSED [ 16%]
tests/core/test_event_bus.py::TestInstanceAlias::test_has_subscribers_false PASSED [ 16%]
tests/core/test_event_bus.py::TestInstanceAlias::test_subscribers_count PASSED [ 16%]
tests/core/test_event_bus.py::TestInstanceAlias::test_unsubscribe_all_clears_event PASSED [ 16%]
tests/core/test_event_bus.py::TestEdgeCases::test_listener_subscribes_during_emit PASSED [ 16%]
tests/core/test_event_bus.py::TestEdgeCases::test_listener_unsubscribes_self_during_emit PASSED [ 16%]
tests/core/test_event_bus.py::TestEdgeCases::test_emit_with_no_kwargs PASSED [ 16%]
tests/core/test_event_bus.py::TestEdgeCases::test_multiple_deferred_same_event PASSED [ 16%]
tests/core/test_game_object.py::TestIdentity::test_default_name PASSED   [ 16%]
tests/core/test_game_object.py::TestIdentity::test_custom_name PASSED    [ 16%]
tests/core/test_game_object.py::TestIdentity::test_default_tag PASSED    [ 16%]
tests/core/test_game_object.py::TestIdentity::test_custom_tag PASSED     [ 16%]
tests/core/test_game_object.py::TestIdentity::test_id_is_uuid4_format PASSED [ 17%]
tests/core/test_game_object.py::TestIdentity::test_ids_are_unique PASSED [ 17%]
tests/core/test_game_object.py::TestIdentity::test_short_id_is_8_chars PASSED [ 17%]
tests/core/test_game_object.py::TestIdentity::test_short_id_is_prefix_of_id PASSED [ 17%]
tests/core/test_game_object.py::TestIdentity::test_active_default_true PASSED [ 17%]
tests/core/test_game_object.py::TestIdentity::test_repr_contains_name PASSED [ 17%]
tests/core/test_game_object.py::TestIdentity::test_repr_contains_short_id PASSED [ 17%]
tests/core/test_game_object.py::TestIdentity::test_repr_no_tag_for_untagged PASSED [ 17%]
tests/core/test_game_object.py::TestIdentity::test_repr_has_tag_when_set PASSED [ 17%]
tests/core/test_game_object.py::TestTransform::test_has_transform_on_init PASSED [ 17%]
tests/core/test_game_object.py::TestTransform::test_transform_is_in_components PASSED [ 17%]
tests/core/test_game_object.py::TestTransform::test_transform_game_object_set PASSED [ 17%]
tests/core/test_game_object.py::TestTransform::test_transform_default_position PASSED [ 17%]
tests/core/test_game_object.py::TestAddComponent::test_add_component_sets_game_object PASSED [ 17%]
tests/core/test_game_object.py::TestAddComponent::test_add_component_appends_to_list PASSED [ 17%]
tests/core/test_game_object.py::TestAddComponent::test_add_component_returns_component PASSED [ 17%]
tests/core/test_game_object.py::TestAddComponent::test_add_component_calls_start_when_scene_set PASSED [ 17%]
tests/core/test_game_object.py::TestAddComponent::test_add_component_no_start_without_scene PASSED [ 17%]
tests/core/test_game_object.py::TestAddComponent::test_add_multiple_components PASSED [ 17%]
tests/core/test_game_object.py::TestGetComponent::test_get_component_returns_matching PASSED [ 17%]
tests/core/test_game_object.py::TestGetComponent::test_get_component_returns_none_when_missing PASSED [ 18%]
tests/core/test_game_object.py::TestGetComponent::test_get_component_returns_first_match PASSED [ 18%]
tests/core/test_game_object.py::TestGetComponent::test_get_components_returns_all PASSED [ 18%]
tests/core/test_game_object.py::TestGetComponent::test_get_component_uses_isinstance PASSED [ 18%]
tests/core/test_game_object.py::TestRemoveComponent::test_remove_component_removes_from_list PASSED [ 18%]
tests/core/test_game_object.py::TestRemoveComponent::test_remove_component_calls_destroy PASSED [ 18%]
tests/core/test_game_object.py::TestRemoveComponent::test_remove_component_detaches_game_object PASSED [ 18%]
tests/core/test_game_object.py::TestRemoveComponent::test_remove_nonexistent_component_no_error PASSED [ 18%]
tests/core/test_game_object.py::TestHierarchy::test_add_child_sets_parent PASSED [ 18%]
tests/core/test_game_object.py::TestHierarchy::test_add_child_appends_to_children PASSED [ 18%]
tests/core/test_game_object.py::TestHierarchy::test_add_child_returns_child PASSED [ 18%]
tests/core/test_game_object.py::TestHierarchy::test_add_child_reparents_from_previous PASSED [ 18%]
tests/core/test_game_object.py::TestHierarchy::test_remove_child_clears_parent PASSED [ 18%]
tests/core/test_game_object.py::TestHierarchy::test_remove_child_removes_from_list PASSED [ 18%]
tests/core/test_game_object.py::TestHierarchy::test_remove_child_propagates_scene_none PASSED [ 18%]
tests/core/test_game_object.py::TestHierarchy::test_add_child_propagates_scene PASSED [ 18%]
tests/core/test_game_object.py::TestUpdate::test_update_calls_component_update PASSED [ 18%]
tests/core/test_game_object.py::TestUpdate::test_update_propagates_to_children PASSED [ 18%]
tests/core/test_game_object.py::TestUpdate::test_update_skipped_when_inactive PASSED [ 18%]
tests/core/test_game_object.py::TestUpdate::test_update_does_not_propagate_to_inactive_children PASSED [ 18%]
tests/core/test_game_object.py::TestDraw::test_draw_calls_component_draw PASSED [ 19%]
tests/core/test_game_object.py::TestDraw::test_draw_propagates_to_children PASSED [ 19%]
tests/core/test_game_object.py::TestDraw::test_draw_skipped_when_inactive PASSED [ 19%]
tests/core/test_game_object.py::TestDestroy::test_destroy_sets_inactive PASSED [ 19%]
tests/core/test_game_object.py::TestDestroy::test_destroy_calls_component_destroy PASSED [ 19%]
tests/core/test_game_object.py::TestDestroy::test_destroy_clears_components PASSED [ 19%]
tests/core/test_game_object.py::TestDestroy::test_destroy_propagates_to_children PASSED [ 19%]
tests/core/test_game_object.py::TestDestroy::test_destroy_removes_from_parent PASSED [ 19%]
tests/core/test_game_object.py::TestDestroy::test_destroy_clears_parent_ref PASSED [ 19%]
tests/core/test_game_object.py::TestDestroy::test_destroy_sets_scene_none PASSED [ 19%]
tests/core/test_game_object.py::TestDestroy::test_destroy_idempotent PASSED [ 19%]
tests/core/test_game_object.py::TestScenePropagation::test_scene_setter_calls_start_on_unstarted_components PASSED [ 19%]
tests/core/test_game_object.py::TestScenePropagation::test_scene_setter_does_not_restart_started_component PASSED [ 19%]
tests/core/test_game_object.py::TestScenePropagation::test_scene_propagates_to_children PASSED [ 19%]
tests/core/test_game_object.py::TestScenePropagation::test_scene_none_propagates_to_children PASSED [ 19%]
tests/core/test_input.py::TestGetKey::test_held_key_returns_true PASSED  [ 19%]
tests/core/test_input.py::TestGetKey::test_not_held_returns_false PASSED [ 19%]
tests/core/test_input.py::TestGetKey::test_empty_state_returns_false PASSED [ 19%]
tests/core/test_input.py::TestGetKey::test_invalid_key_returns_false PASSED [ 19%]
tests/core/test_input.py::TestGetKeyDown::test_key_down_only_on_first_frame PASSED [ 19%]
tests/core/test_input.py::TestGetKeyDown::test_key_down_false_when_held PASSED [ 20%]
tests/core/test_input.py::TestGetKeyDown::test_key_down_false_when_not_pressed PASSED [ 20%]
tests/core/test_input.py::TestGetKeyDown::test_key_down_empty_state_safe PASSED [ 20%]
tests/core/test_input.py::TestGetKeyUp::test_key_up_on_release_frame PASSED [ 20%]
tests/core/test_input.py::TestGetKeyUp::test_key_up_false_while_held PASSED [ 20%]
tests/core/test_input.py::TestGetKeyUp::test_key_up_false_when_never_pressed PASSED [ 20%]
tests/core/test_input.py::TestMousePosition::test_get_mouse_position PASSED [ 20%]
tests/core/test_input.py::TestMousePosition::test_get_mouse_rel PASSED   [ 20%]
tests/core/test_input.py::TestMouseButton::test_button_held_returns_true PASSED [ 20%]
tests/core/test_input.py::TestMouseButton::test_button_not_held_returns_false PASSED [ 20%]
tests/core/test_input.py::TestMouseButton::test_button_invalid_index_safe PASSED [ 20%]
tests/core/test_input.py::TestMouseButton::test_button_down_first_frame PASSED [ 20%]
tests/core/test_input.py::TestMouseButton::test_button_down_false_when_held PASSED [ 20%]
tests/core/test_input.py::TestMouseButton::test_button_up_on_release PASSED [ 20%]
tests/core/test_input.py::TestMouseButton::test_button_up_false_while_held PASSED [ 20%]
tests/core/test_input.py::TestMouseButton::test_right_button PASSED      [ 20%]
tests/core/test_input.py::TestAxes::test_horizontal_left_arrow PASSED    [ 20%]
tests/core/test_input.py::TestAxes::test_horizontal_right_arrow PASSED   [ 20%]
tests/core/test_input.py::TestAxes::test_horizontal_a_key PASSED         [ 20%]
tests/core/test_input.py::TestAxes::test_horizontal_d_key PASSED         [ 20%]
tests/core/test_input.py::TestAxes::test_horizontal_neutral PASSED       [ 21%]
tests/core/test_input.py::TestAxes::test_horizontal_both_cancel PASSED   [ 21%]
tests/core/test_input.py::TestAxes::test_vertical_up_arrow PASSED        [ 21%]
tests/core/test_input.py::TestAxes::test_vertical_down_arrow PASSED      [ 21%]
tests/core/test_input.py::TestAxes::test_vertical_w_key PASSED           [ 21%]
tests/core/test_input.py::TestAxes::test_vertical_s_key PASSED           [ 21%]
tests/core/test_input.py::TestAxes::test_vertical_neutral PASSED         [ 21%]
tests/core/test_input.py::TestAxes::test_vertical_both_cancel PASSED     [ 21%]
tests/core/test_input.py::TestUpdate::test_update_rotates_key_state PASSED [ 21%]
tests/core/test_scene.py::TestSceneInit::test_default_name PASSED        [ 21%]
tests/core/test_scene.py::TestSceneInit::test_custom_name PASSED         [ 21%]
tests/core/test_scene.py::TestSceneInit::test_game_objects_empty PASSED  [ 21%]
tests/core/test_scene.py::TestSceneInit::test_engine_none PASSED         [ 21%]
tests/core/test_scene.py::TestSceneInit::test_repr_contains_name PASSED  [ 21%]
tests/core/test_scene.py::TestSceneInit::test_repr_contains_count PASSED [ 21%]
tests/core/test_scene.py::TestAddGameObject::test_add_appends_go PASSED  [ 21%]
tests/core/test_scene.py::TestAddGameObject::test_add_returns_go PASSED  [ 21%]
tests/core/test_scene.py::TestAddGameObject::test_add_sets_scene_on_go PASSED [ 21%]
tests/core/test_scene.py::TestAddGameObject::test_add_duplicate_ignored PASSED [ 21%]
tests/core/test_scene.py::TestAddGameObject::test_add_multiple PASSED    [ 22%]
tests/core/test_scene.py::TestAddGameObject::test_add_triggers_component_start PASSED [ 22%]
tests/core/test_scene.py::TestRemoveGameObject::test_remove_takes_go_out_of_list PASSED [ 22%]
tests/core/test_scene.py::TestRemoveGameObject::test_remove_sets_scene_none_on_go PASSED [ 22%]
tests/core/test_scene.py::TestRemoveGameObject::test_remove_nonexistent_no_error PASSED [ 22%]
tests/core/test_scene.py::TestRemoveGameObject::test_remove_one_of_many PASSED [ 22%]
tests/core/test_scene.py::TestFind::test_find_by_name_returns_go PASSED  [ 22%]
tests/core/test_scene.py::TestFind::test_find_missing_returns_none PASSED [ 22%]
tests/core/test_scene.py::TestFind::test_find_returns_first_match PASSED [ 22%]
tests/core/test_scene.py::TestFind::test_find_by_tag_returns_all PASSED  [ 22%]
tests/core/test_scene.py::TestFind::test_find_by_tag_empty PASSED        [ 22%]
tests/core/test_scene.py::TestFind::test_find_by_id_full_uuid PASSED     [ 22%]
tests/core/test_scene.py::TestFind::test_find_by_id_short PASSED         [ 22%]
tests/core/test_scene.py::TestFind::test_find_by_id_missing_returns_none PASSED [ 22%]
tests/core/test_scene.py::TestUpdate::test_update_propagates_to_all_gos PASSED [ 22%]
tests/core/test_scene.py::TestUpdate::test_update_skips_inactive_go PASSED [ 22%]
tests/core/test_scene.py::TestUpdate::test_update_safe_when_go_removed_during_iteration PASSED [ 22%]
tests/core/test_scene.py::TestUpdate::test_update_empty_scene_no_error PASSED [ 22%]
tests/core/test_scene.py::TestDraw::test_draw_propagates_to_all_gos PASSED [ 22%]
tests/core/test_scene.py::TestDraw::test_draw_skips_inactive_go PASSED   [ 22%]
tests/core/test_scene.py::TestDraw::test_draw_empty_scene_no_error PASSED [ 23%]
tests/core/test_scene.py::TestLifecycleHooks::test_start_is_noop_by_default PASSED [ 23%]
tests/core/test_scene.py::TestLifecycleHooks::test_on_exit_is_noop_by_default PASSED [ 23%]
tests/core/test_scene.py::TestLifecycleHooks::test_handle_event_is_noop_by_default PASSED [ 23%]
tests/core/test_scene.py::TestLifecycleHooks::test_subclass_can_override_start PASSED [ 23%]
tests/core/test_scene.py::TestLifecycleHooks::test_subclass_update_calls_super PASSED [ 23%]
tests/core/test_scene.py::TestLifecycleHooks::test_subclass_draw_calls_super PASSED [ 23%]
tests/core/test_scene.py::TestEngineRef::test_engine_can_be_set PASSED   [ 23%]
tests/core/test_scene.py::TestEngineRef::test_engine_default_none PASSED [ 23%]
tests/core/test_scene_manager.py::TestSingleton::test_instance_is_same_object PASSED [ 23%]
tests/core/test_scene_manager.py::TestSingleton::test_reset_creates_new_instance PASSED [ 23%]
tests/core/test_scene_manager.py::TestSingleton::test_initial_state_empty_stack PASSED [ 23%]
tests/core/test_scene_manager.py::TestSingleton::test_initial_current_is_none PASSED [ 23%]
tests/core/test_scene_manager.py::TestSingleton::test_not_transitioning_by_default PASSED [ 23%]
tests/core/test_scene_manager.py::TestBind::test_bind_sets_engine_ref PASSED [ 23%]
tests/core/test_scene_manager.py::TestBind::test_bind_patches_change_scene PASSED [ 23%]
tests/core/test_scene_manager.py::TestLoad::test_load_sets_current PASSED [ 23%]
tests/core/test_scene_manager.py::TestLoad::test_load_calls_start PASSED [ 23%]
tests/core/test_scene_manager.py::TestLoad::test_load_clears_previous_stack PASSED [ 23%]
tests/core/test_scene_manager.py::TestLoad::test_load_resets_ui PASSED   [ 23%]
tests/core/test_scene_manager.py::TestLoad::test_load_stops_audio PASSED [ 24%]
tests/core/test_scene_manager.py::TestLoad::test_load_sets_engine_on_scene PASSED [ 24%]
tests/core/test_scene_manager.py::TestLoad::test_load_with_transition_starts_transition PASSED [ 24%]
tests/core/test_scene_manager.py::TestLoad::test_load_with_transition_defers_start PASSED [ 24%]
tests/core/test_scene_manager.py::TestPush::test_push_increases_depth PASSED [ 24%]
tests/core/test_scene_manager.py::TestPush::test_push_current_is_new PASSED [ 24%]
tests/core/test_scene_manager.py::TestPush::test_push_calls_start_on_new PASSED [ 24%]
tests/core/test_scene_manager.py::TestPush::test_push_preserves_previous_scene PASSED [ 24%]
tests/core/test_scene_manager.py::TestPush::test_push_with_transition PASSED [ 24%]
tests/core/test_scene_manager.py::TestPop::test_pop_reduces_depth PASSED [ 24%]
tests/core/test_scene_manager.py::TestPop::test_pop_restores_previous_current PASSED [ 24%]
tests/core/test_scene_manager.py::TestPop::test_pop_single_scene_no_effect PASSED [ 24%]
tests/core/test_scene_manager.py::TestPop::test_pop_empty_stack_no_error PASSED [ 24%]
tests/core/test_scene_manager.py::TestPop::test_pop_with_transition PASSED [ 24%]
tests/core/test_scene_manager.py::TestPop::test_pop_resets_ui PASSED     [ 24%]
tests/core/test_scene_manager.py::TestUpdate::test_update_delegates_to_current PASSED [ 24%]
tests/core/test_scene_manager.py::TestUpdate::test_update_empty_stack_no_error PASSED [ 24%]
tests/core/test_scene_manager.py::TestUpdate::test_update_during_out_phase_does_not_update_scene PASSED [ 24%]
tests/core/test_scene_manager.py::TestUpdate::test_update_during_in_phase_updates_scene PASSED [ 24%]
tests/core/test_scene_manager.py::TestUpdate::test_update_clears_transition_when_done PASSED [ 24%]
tests/core/test_scene_manager.py::TestUpdate::test_update_fires_on_transition_end_callback PASSED [ 25%]
tests/core/test_scene_manager.py::TestUpdate::test_update_executes_swap_when_should_swap PASSED [ 25%]
tests/core/test_scene_manager.py::TestDraw::test_draw_delegates_to_current PASSED [ 25%]
tests/core/test_scene_manager.py::TestDraw::test_draw_empty_stack_no_error PASSED [ 25%]
tests/core/test_scene_manager.py::TestDraw::test_draw_out_phase_uses_transition_draw PASSED [ 25%]
tests/core/test_scene_manager.py::TestDraw::test_draw_in_phase_uses_transition_draw PASSED [ 25%]
tests/core/test_scene_manager.py::TestHandleEvent::test_handle_event_delegates_to_current PASSED [ 25%]
tests/core/test_scene_manager.py::TestHandleEvent::test_handle_event_blocked_during_transition PASSED [ 25%]
tests/core/test_scene_manager.py::TestHandleEvent::test_handle_event_empty_stack_no_error PASSED [ 25%]
tests/core/test_scene_manager.py::TestCallbacks::test_on_transition_start_fires_on_load PASSED [ 25%]
tests/core/test_scene_manager.py::TestCallbacks::test_on_transition_end_fires_when_done PASSED [ 25%]
tests/core/test_scene_manager.py::TestRepr::test_repr_contains_depth PASSED [ 25%]
tests/core/test_scene_manager.py::TestRepr::test_repr_shows_not_transitioning PASSED [ 25%]
tests/core/test_scene_manager.py::TestRepr::test_repr_empty_stack PASSED [ 25%]
tests/core/test_time.py::TestDefaults::test_frame_zero PASSED            [ 25%]
tests/core/test_time.py::TestDefaults::test_elapsed_zero PASSED          [ 25%]
tests/core/test_time.py::TestDefaults::test_scale_one PASSED             [ 25%]
tests/core/test_time.py::TestDefaults::test_paused_false PASSED          [ 25%]
tests/core/test_time.py::TestDefaults::test_delta_zero PASSED            [ 25%]
tests/core/test_time.py::TestDefaults::test_fps_target_set PASSED        [ 25%]
tests/core/test_time.py::TestTick::test_tick_increments_frame PASSED     [ 26%]
tests/core/test_time.py::TestTick::test_tick_multiple_frames PASSED      [ 26%]
tests/core/test_time.py::TestTick::test_tick_sets_delta PASSED           [ 26%]
tests/core/test_time.py::TestTick::test_tick_sets_raw_delta PASSED       [ 26%]
tests/core/test_time.py::TestTick::test_tick_returns_delta PASSED        [ 26%]
tests/core/test_time.py::TestTick::test_tick_sets_scaled_delta_normal PASSED [ 26%]
tests/core/test_time.py::TestTick::test_tick_updates_fps_actual PASSED   [ 26%]
tests/core/test_time.py::TestDtCap::test_delta_capped PASSED             [ 26%]
tests/core/test_time.py::TestDtCap::test_raw_delta_not_capped PASSED     [ 26%]
tests/core/test_time.py::TestDtCap::test_delta_within_cap_unchanged PASSED [ 26%]
tests/core/test_time.py::TestScale::test_scaled_delta_with_half_speed PASSED [ 26%]
tests/core/test_time.py::TestScale::test_scaled_delta_with_double_speed PASSED [ 26%]
tests/core/test_time.py::TestScale::test_scale_zero_stops_scaled_delta PASSED [ 26%]
tests/core/test_time.py::TestScale::test_delta_not_affected_by_scale PASSED [ 26%]
tests/core/test_time.py::TestScale::test_scale_change_mid_run PASSED     [ 26%]
tests/core/test_time.py::TestPaused::test_paused_sets_scaled_delta_to_zero PASSED [ 26%]
tests/core/test_time.py::TestPaused::test_paused_does_not_accumulate_elapsed PASSED [ 26%]
tests/core/test_time.py::TestPaused::test_paused_does_not_affect_delta PASSED [ 26%]
tests/core/test_time.py::TestPaused::test_unpause_resumes_elapsed PASSED [ 26%]
tests/core/test_time.py::TestPaused::test_paused_still_increments_frame PASSED [ 26%]
tests/core/test_time.py::TestElapsed::test_elapsed_accumulates_scaled_delta PASSED [ 27%]
tests/core/test_time.py::TestElapsed::test_elapsed_uses_scale PASSED     [ 27%]
tests/core/test_time.py::TestElapsed::test_elapsed_not_accumulated_when_paused PASSED [ 27%]
tests/core/test_time.py::TestElapsed::test_elapsed_increases_monotonically PASSED [ 27%]
tests/core/test_time.py::TestSlowMo::test_slow_motion_half_speed PASSED  [ 27%]
tests/core/test_time.py::TestSlowMo::test_fast_forward_double_speed PASSED [ 27%]
tests/core/test_time.py::TestSlowMo::test_scale_ten_x PASSED             [ 27%]
tests/core/test_time.py::TestAliases::test_fps_property_alias PASSED     [ 27%]
tests/core/test_time.py::TestAliases::test_dt_property_alias PASSED      [ 27%]
tests/core/test_time.py::TestAliases::test_fps_target_default PASSED     [ 27%]
tests/core/test_time.py::TestCurrent::test_current_returns_instance PASSED [ 27%]
tests/core/test_time.py::TestCurrent::test_current_raises_before_init PASSED [ 27%]
tests/core/test_time.py::TestCurrent::test_new_instance_replaces_current PASSED [ 27%]
tests/core/test_time.py::TestRepr::test_repr_contains_frame PASSED       [ 27%]
tests/core/test_time.py::TestRepr::test_repr_contains_scale PASSED       [ 27%]
tests/core/test_time.py::TestRepr::test_repr_contains_paused PASSED      [ 27%]
tests/core/test_time.py::TestRepr::test_repr_contains_elapsed PASSED     [ 27%]
tests/core/test_transform.py::TestTransformSetters::test_x_setter PASSED [ 27%]
tests/core/test_transform.py::TestTransformSetters::test_y_setter PASSED [ 27%]
tests/core/test_transform.py::TestTransformSetters::test_z_setter PASSED [ 27%]
tests/core/test_transform.py::TestTransformSetters::test_rz_setter PASSED [ 28%]
tests/core/test_transform.py::TestTransformSetters::test_sx_setter PASSED [ 28%]
tests/core/test_transform.py::TestTransformSetters::test_sy_setter PASSED [ 28%]
tests/core/test_transform.py::TestTransformSetters::test_position_setter_array PASSED [ 28%]
tests/core/test_transform.py::TestTransformSetters::test_scale_setter_array PASSED [ 28%]
tests/core/test_transform.py::TestTransformSetters::test_rotation_setter_array PASSED [ 28%]
tests/core/test_transform.py::TestTransformMethods::test_translate_3d PASSED [ 28%]
tests/core/test_transform.py::TestTransformMethods::test_translate_default_dz_zero PASSED [ 28%]
tests/core/test_transform.py::TestTransformMethods::test_rotate_accumulates PASSED [ 28%]
tests/core/test_transform.py::TestTransformMethods::test_rotate_all_axes PASSED [ 28%]
tests/core/test_transform.py::TestTransformMethods::test_scale_default_is_one PASSED [ 28%]
tests/core/test_transform.py::TestTransformMethods::test_world_position_no_parent PASSED [ 28%]
tests/core/test_transform.py::TestTransformMethods::test_get_world_position_alias PASSED [ 28%]
tests/core/test_transform.py::TestTransformRepr::test_repr_contains_pos PASSED [ 28%]
tests/core/test_transform.py::TestTransformRepr::test_repr_contains_rot PASSED [ 28%]
tests/core/test_transform.py::TestTransformRepr::test_repr_detached_label PASSED [ 28%]
tests/core/test_transform.py::TestTransformRepr::test_repr_attached_label PASSED [ 28%]
tests/core/test_transform.py::TestComponentLifecycle::test_subclass_start_called PASSED [ 28%]
tests/core/test_transform.py::TestComponentLifecycle::test_subclass_update_called PASSED [ 28%]
tests/core/test_transform.py::TestComponentLifecycle::test_transform_property_returns_go_transform PASSED [ 29%]
tests/core/test_transform.py::TestComponentLifecycle::test_transform_property_raises_when_detached PASSED [ 29%]
tests/core/test_transform.py::TestComponentLifecycle::test_scene_property_none_when_not_in_scene PASSED [ 29%]
tests/core/test_transform.py::TestComponentLifecycle::test_component_repr_attached PASSED [ 29%]
tests/core/test_transform.py::TestComponentLifecycle::test_component_repr_detached PASSED [ 29%]
tests/core/test_ui_runtime_components.py::test_pure_ui_owner_is_hidden_from_world_draw PASSED [ 29%]
tests/core/test_ui_runtime_components.py::test_mixed_gameplay_owner_stays_visible_with_ui_component PASSED [ 29%]
tests/core/test_ui_runtime_components.py::test_all_pure_ui_components_are_hidden_from_world_draw PASSED [ 29%]
tests/core/test_window.py::TestDefaults::test_width PASSED               [ 29%]
tests/core/test_window.py::TestDefaults::test_height PASSED              [ 29%]
tests/core/test_window.py::TestDefaults::test_size PASSED                [ 29%]
tests/core/test_window.py::TestDefaults::test_title_stored PASSED        [ 29%]
tests/core/test_window.py::TestDefaults::test_not_fullscreen_by_default PASSED [ 29%]
tests/core/test_window.py::TestDefaults::test_screen_is_surface PASSED   [ 29%]
tests/core/test_window.py::TestDefaults::test_resizable_stored PASSED    [ 29%]
tests/core/test_window.py::TestSetTitle::test_set_title_updates_internal PASSED [ 29%]
tests/core/test_window.py::TestSetTitle::test_set_title_calls_set_caption PASSED [ 29%]
tests/core/test_window.py::TestOnResize::test_on_resize_updates_screen PASSED [ 29%]
tests/core/test_window.py::TestOnResize::test_on_resize_updates_dimensions PASSED [ 29%]
tests/core/test_window.py::TestOnResize::test_on_resize_ignored_in_fullscreen PASSED [ 29%]
tests/core/test_window.py::TestToggleFullscreen::test_toggle_enters_fullscreen PASSED [ 30%]
tests/core/test_window.py::TestToggleFullscreen::test_toggle_saves_dimensions_before_fullscreen PASSED [ 30%]
tests/core/test_window.py::TestToggleFullscreen::test_toggle_exits_fullscreen PASSED [ 30%]
tests/core/test_window.py::TestToggleFullscreen::test_toggle_restores_dimensions PASSED [ 30%]
tests/core/test_window.py::TestFlip::test_flip_calls_display_flip PASSED [ 30%]
tests/core/test_window.py::TestResolutionClamping::test_oversized_window_is_clamped PASSED [ 30%]
tests/editor/test_animation_asset_workspace_contract.py::test_animation_workspace_exposes_library_timeline_and_asset_actions PASSED [ 30%]
tests/editor/test_animation_asset_workspace_contract.py::test_editor_integrates_zanim_without_removing_embedded_clips PASSED [ 30%]
tests/editor/test_animation_asset_workspace_contract.py::test_preview_index_exists_before_animation_workspace_is_configured PASSED [ 30%]
tests/editor/test_animation_asset_workspace_contract.py::test_zanim_can_be_applied_explicitly_or_dropped_on_an_object PASSED [ 30%]
tests/editor/test_animation_asset_workspace_contract.py::test_animation_workspace_is_resizable_and_properties_scroll PASSED [ 30%]
tests/editor/test_animation_asset_workspace_contract.py::test_animation_workspace_separates_asset_object_timeline_and_clip_properties PASSED [ 30%]
tests/editor/test_animation_component_picker.py::test_animation_picker_discovers_searches_and_previews_zanim_assets PASSED [ 30%]
tests/editor/test_animation_component_picker.py::test_animator_component_opens_picker_before_mutating_object PASSED [ 30%]
tests/editor/test_animation_component_picker.py::test_animation_picker_preserves_create_and_empty_compatibility_paths PASSED [ 30%]
tests/editor/test_animation_component_picker.py::test_animation_picker_uses_global_theme PASSED [ 30%]
tests/editor/test_asset_component_inspector_plugins.py::test_image_inspector_has_sprite_selector PASSED [ 30%]
tests/editor/test_asset_component_inspector_plugins.py::test_image_sprite_selector_updates_component PASSED [ 30%]
tests/editor/test_asset_component_inspector_plugins.py::test_animator_inspector_exposes_default_clip_and_speed PASSED [ 30%]
tests/editor/test_asset_component_inspector_plugins.py::test_animator_speed_field_updates_component PASSED [ 30%]
tests/editor/test_build_report_ui_contract.py::test_build_menu_exposes_export_and_last_report PASSED [ 31%]
tests/editor/test_build_report_ui_contract.py::test_report_dialog_exposes_diagnostics_files_and_output_folder PASSED [ 31%]
tests/editor/test_clean_inspector_contract.py::test_inspector_exposes_standard_dynamic_cards PASSED [ 31%]
tests/editor/test_clean_inspector_contract.py::test_inspector_only_shows_components_present_on_selected_object PASSED [ 31%]
tests/editor/test_clean_inspector_contract.py::test_add_component_uses_searchable_picker_instead_of_flat_menu PASSED [ 31%]
tests/editor/test_clean_inspector_contract.py::test_component_card_expansion_state_is_preserved PASSED [ 31%]
tests/editor/test_desktop_package.py::test_desktop_package_plan_for_windows PASSED [ 31%]
tests/editor/test_desktop_package.py::test_desktop_package_plan_for_linux PASSED [ 31%]
tests/editor/test_desktop_package.py::test_desktop_package_plan_for_macos PASSED [ 31%]
tests/editor/test_desktop_package.py::test_desktop_package_plan_includes_entry_scene PASSED [ 31%]
tests/editor/test_desktop_package.py::test_desktop_package_plan_can_skip_assets PASSED [ 31%]
tests/editor/test_desktop_package.py::test_desktop_package_plan_roundtrip PASSED [ 31%]
tests/editor/test_desktop_package.py::test_desktop_package_plan_from_profile PASSED [ 31%]
tests/editor/test_export_config.py::test_config_defaults_are_valid PASSED [ 31%]
tests/editor/test_export_config.py::test_config_output_path_contains_target_and_project PASSED [ 31%]
tests/editor/test_export_config.py::test_config_roundtrip PASSED         [ 31%]
tests/editor/test_export_config.py::test_config_rejects_invalid_entry_scene_extension PASSED [ 31%]
tests/editor/test_export_profiles.py::test_export_profile_defaults_are_valid PASSED [ 31%]
tests/editor/test_export_profiles.py::test_export_profile_roundtrip_preserves_config PASSED [ 31%]
tests/editor/test_export_profiles.py::test_default_profiles_have_expected_modes PASSED [ 31%]
tests/editor/test_export_profiles.py::test_export_profile_manager_register_get_remove PASSED [ 32%]
tests/editor/test_export_profiles.py::test_export_profile_manager_enabled_profiles PASSED [ 32%]
tests/editor/test_export_profiles.py::test_export_profile_manager_dict_roundtrip PASSED [ 32%]
tests/editor/test_export_profiles.py::test_export_profile_manager_file_roundtrip PASSED [ 32%]
tests/editor/test_hierarchy_improvements.py::test_hierarchy_reparent_valid PASSED [ 32%]
tests/editor/test_hierarchy_improvements.py::test_hierarchy_prevents_cycles PASSED [ 32%]
tests/editor/test_hierarchy_improvements.py::test_hierarchy_move_to_root PASSED [ 32%]
tests/editor/test_hierarchy_improvements.py::test_hierarchy_reorders_siblings PASSED [ 32%]
tests/editor/test_hierarchy_improvements.py::test_hierarchy_duplicate_object PASSED [ 32%]
tests/editor/test_hierarchy_improvements.py::test_hierarchy_duplicate_with_children PASSED [ 32%]
tests/editor/test_hierarchy_improvements.py::test_hierarchy_delete PASSED [ 32%]
tests/editor/test_hierarchy_improvements.py::test_hierarchy_rename_valid PASSED [ 32%]
tests/editor/test_hierarchy_improvements.py::test_hierarchy_rename_empty_rejected PASSED [ 32%]
tests/editor/test_hierarchy_improvements.py::test_hierarchy_filter_keeps_matching_parents_visible PASSED [ 32%]
tests/editor/test_inspector_ux_polish.py::test_inspector_component_filter_keeps_matching_components PASSED [ 32%]
tests/editor/test_inspector_ux_polish.py::test_inspector_copy_paste_component_values_uses_command_manager PASSED [ 32%]
tests/editor/test_inspector_ux_polish.py::test_inspector_reset_component_is_reversible PASSED [ 32%]
tests/editor/test_inspector_ux_polish.py::test_inspector_move_component_is_reversible PASSED [ 32%]
tests/editor/test_inspector_ux_polish.py::test_inspector_object_property_command_is_reversible PASSED [ 32%]
tests/editor/test_isolated_animation_asset_runtime.py::test_play_mode_refreshes_applied_clip_from_zanim PASSED [ 32%]
tests/editor/test_isolated_animation_asset_runtime.py::test_play_mode_reports_missing_zanim_without_removing_cached_clip PASSED [ 33%]
tests/editor/test_isolated_animation_asset_runtime.py::test_play_mode_hydrates_controller_states_as_runtime_clips PASSED [ 33%]
tests/editor/test_isolated_behavior_runtime.py::test_play_mode_hydrates_zbehavior_asset PASSED [ 33%]
tests/editor/test_isolated_behavior_runtime.py::test_game_behavior_api_changes_parameters_and_state PASSED [ 33%]
tests/editor/test_isolated_behavior_runtime.py::test_repository_behavior_demo_scene_references_controller PASSED [ 33%]
tests/editor/test_isolated_script_templates.py::test_created_script_has_complete_runtime_contract PASSED [ 33%]
tests/editor/test_isolated_script_templates.py::test_contract_accepts_legacy_update_and_rejects_empty_script PASSED [ 33%]
tests/editor/test_isolated_script_templates.py::test_simple_play_api_moves_reads_edges_and_requests_jump PASSED [ 33%]
tests/editor/test_isolated_script_templates.py::test_simple_play_api_exposes_animator_controller_commands PASSED [ 33%]
tests/editor/test_isolated_script_templates.py::test_all_attachable_asset_scripts_use_current_contract PASSED [ 33%]
tests/editor/test_isolated_script_templates.py::test_all_attachable_asset_scripts_run_one_frame PASSED [ 33%]
tests/editor/test_isolated_script_templates.py::test_all_native_asset_scripts_also_expose_play_hooks PASSED [ 33%]
tests/editor/test_isolated_sprite_rendering.py::test_assigning_texture_resets_placeholder_tint_to_white PASSED [ 33%]
tests/editor/test_isolated_sprite_rendering.py::test_pixel_art_scaling_keeps_exact_colors_with_neutral_tint PASSED [ 33%]
tests/editor/test_isolated_sprite_rendering.py::test_manual_sprite_tint_remains_available PASSED [ 33%]
tests/editor/test_isolated_sprite_rendering.py::test_scrolling_sprite_wraps_image_inside_plane PASSED [ 33%]
tests/editor/test_logic_workspace_contract.py::test_logic_and_animation_use_independent_windows_not_viewport_tabs PASSED [ 33%]
tests/editor/test_logic_workspace_contract.py::test_python_script_component_is_not_offered_or_executed PASSED [ 33%]
tests/editor/test_logic_workspace_contract.py::test_logic_workspace_exposes_palette_canvas_connections_and_properties PASSED [ 33%]
tests/editor/test_logic_workspace_contract.py::test_visual_logic_supports_independent_clones_and_one_shot_permanent_motion PASSED [ 33%]
tests/editor/test_logic_workspace_contract.py::test_logic_workspace_can_create_open_save_and_load_demo PASSED [ 34%]
tests/editor/test_logic_workspace_contract.py::test_logic_workspace_receives_throttled_runtime_debug_traces PASSED [ 34%]
tests/editor/test_logic_workspace_contract.py::test_logic_workspace_supports_breakpoints_continue_and_single_step PASSED [ 34%]
tests/editor/test_logic_workspace_contract.py::test_logic_debugger_exposes_conditions_watches_highlight_and_restart PASSED [ 34%]
tests/editor/test_logic_workspace_contract.py::test_logic_workspace_exposes_typed_scoped_blackboard_panel PASSED [ 34%]
tests/editor/test_logic_workspace_contract.py::test_visual_event_nodes_are_shared_debuggable_and_exportable PASSED [ 34%]
tests/editor/test_logic_workspace_contract.py::test_reusable_subgraphs_are_discoverable_typed_and_safe PASSED [ 34%]
tests/editor/test_logic_workspace_contract.py::test_gameplay_event_library_and_search_are_available PASSED [ 34%]
tests/editor/test_logic_workspace_contract.py::test_visual_logic_is_cleanly_managed_from_inspector PASSED [ 34%]
tests/editor/test_logic_workspace_contract.py::test_logic_workspace_teaches_searchable_position_recipes PASSED [ 34%]
tests/editor/test_logic_workspace_contract.py::test_recipe_topics_and_project_asset_picker_cover_visual_gameplay PASSED [ 34%]
tests/editor/test_logic_workspace_contract.py::test_nodes_flip_to_code_and_patrol_recipe_is_discoverable PASSED [ 34%]
tests/editor/test_logic_workspace_contract.py::test_logic_editor_opens_in_selected_hierarchy_object_context PASSED [ 34%]
tests/editor/test_logic_workspace_contract.py::test_frame_event_is_reused_and_visibly_supports_multiple_actions PASSED [ 34%]
tests/editor/test_logic_workspace_contract.py::test_logic_workspace_can_create_runtime_objects_and_pick_their_sprite PASSED [ 34%]
tests/editor/test_logic_workspace_contract.py::test_logic_workspace_controls_play_and_builds_scrolling_image_planes PASSED [ 34%]
tests/editor/test_logic_workspace_contract.py::test_logic_workspace_explains_targets_and_controls_spawn_lifecycle PASSED [ 34%]
tests/editor/test_logic_workspace_contract.py::test_logic_workspace_controls_named_movements_and_debugs_runtime_objects PASSED [ 34%]
tests/editor/test_native_ui_editor_bridge.py::test_native_ui_scene_item_round_trip PASSED [ 34%]
tests/editor/test_native_ui_editor_bridge.py::test_native_ui_draws_only_when_canvas_exists PASSED [ 34%]
tests/editor/test_native_ui_editor_bridge.py::test_native_ui_button_hit_test_keeps_script_event PASSED [ 35%]
tests/editor/test_native_ui_editor_bridge.py::test_delete_object_does_not_access_removed_shared_script_selector PASSED [ 35%]
tests/editor/test_phase1_editor_context.py::test_phase1_editor_owns_editor_context PASSED [ 35%]
tests/editor/test_phase1_editor_context.py::test_phase1_toolbar_tools_update_tool_manager PASSED [ 35%]
tests/editor/test_phase1_editor_context.py::test_phase1_file_menu_has_scene_actions PASSED [ 35%]
tests/editor/test_phase1_editor_context.py::test_phase1_save_scene_uses_current_scene_path PASSED [ 35%]
tests/editor/test_phase1_editor_context.py::test_phase1_apply_scene_data_replaces_scene_and_selection PASSED [ 35%]
tests/editor/test_phase1_editor_context.py::test_phase1_toolbar_active_tool_is_visually_checked PASSED [ 35%]
tests/editor/test_phase1_editor_context.py::test_phase1_snap_toolbar_toggle_updates_editor_state PASSED [ 35%]
tests/editor/test_phase1_editor_context.py::test_phase1_play_controls_reflect_simulation_state PASSED [ 35%]
tests/editor/test_phase1_editor_context.py::test_phase1_editor_has_scene_and_game_view_tabs PASSED [ 35%]
tests/editor/test_phase1_editor_context.py::test_phase1_stop_restores_scene_and_reselects_restored_object PASSED [ 35%]
tests/editor/test_phase1_editor_context.py::test_phase1_play_cycles_start_from_same_physics_state PASSED [ 35%]
tests/editor/test_phase1_editor_context.py::test_phase1_play_stop_preserves_objects_and_selection PASSED [ 35%]
tests/editor/test_phase1_editor_context.py::test_phase1_play_mode_switches_viewport_and_inspector_to_runtime_scene PASSED [ 35%]
tests/editor/test_phase1_editor_context.py::test_phase1_game_view_hides_runtime_inner_scene_grid PASSED [ 35%]
tests/editor/test_phase1_editor_context.py::test_phase1_camera_2d_creation_adds_real_camera_component PASSED [ 35%]
tests/editor/test_phase1_editor_context.py::test_phase1_runtime_fallback_objects_are_hidden_from_game_draw PASSED [ 35%]
tests/editor/test_phase1_editor_context.py::test_phase1_rotate_reports_active_and_scale_reports_unimplemented PASSED [ 35%]
tests/editor/test_phase1_editor_context.py::test_phase1_selection_uses_editor_context PASSED [ 36%]
tests/editor/test_phase1_editor_context.py::test_phase1_hierarchy_selection_updates_selection_manager PASSED [ 36%]
tests/editor/test_phase1_editor_context.py::test_phase1_viewport_selection_updates_selection_manager PASSED [ 36%]
tests/editor/test_phase1_editor_context.py::test_phase1_selection_manager_syncs_viewport_hierarchy_and_inspector FAILED [ 36%]
tests/editor/test_phase1_editor_context.py::test_phase1_hierarchy_refreshes_after_viewport_delete PASSED [ 36%]
tests/editor/test_phase1_editor_context.py::test_phase1_viewport_move_tool_moves_selected_object_and_updates_inspector PASSED [ 36%]
tests/editor/test_phase1_editor_context.py::test_phase1_viewmodel_transform_change_refreshes_inspector PASSED [ 36%]
tests/editor/test_phase1_editor_context.py::test_phase1_move_tool_does_not_jump_when_drag_starts_off_center PASSED [ 36%]
tests/editor/test_phase1_editor_context.py::test_phase1_move_tool_does_not_drag_from_empty_viewport_space PASSED [ 36%]
tests/editor/test_phase1_editor_context.py::test_phase1_move_tool_snap_disabled_moves_freely PASSED [ 36%]
tests/editor/test_phase1_editor_context.py::test_phase1_move_tool_snap_enabled_snaps_drag_position PASSED [ 36%]
tests/editor/test_phase1_editor_context.py::test_phase1_move_tool_does_not_drag_while_playing PASSED [ 36%]
tests/editor/test_phase1_editor_context.py::test_phase1_gizmo_is_hidden_while_playing PASSED [ 36%]
tests/editor/test_phase1_editor_context.py::test_phase1_select_tool_does_not_start_move_drag PASSED [ 36%]
tests/editor/test_phase1_editor_context.py::test_phase1_world_to_viewport_uses_scene_camera_transform PASSED [ 36%]
tests/editor/test_phase1_editor_context.py::test_phase1_viewport_has_command_manager_injected PASSED [ 36%]
tests/editor/test_phase1_editor_context.py::test_phase1_move_tool_registers_undo_command PASSED [ 36%]
tests/editor/test_phase1_editor_context.py::test_phase1_move_tool_undo_restores_position PASSED [ 36%]
tests/editor/test_phase1_editor_context.py::test_phase1_move_tool_redo_reapplies_position PASSED [ 36%]
tests/editor/test_phase1_editor_context.py::test_phase1_move_tool_no_command_when_no_movement PASSED [ 36%]
tests/editor/test_phase1_editor_context.py::test_phase1_snap_applied_over_absolute_position PASSED [ 37%]
tests/editor/test_phase1_editor_context.py::test_phase1_snap_disabled_delta_zero_preserves_position PASSED [ 37%]
tests/editor/test_phase1_inspector.py::test_inspector_empty_state_without_selection PASSED [ 37%]
tests/editor/test_phase1_inspector.py::test_inspector_populates_fields_on_selection PASSED [ 37%]
tests/editor/test_phase1_inspector.py::test_inspector_selection_switch_updates_fields PASSED [ 37%]
tests/editor/test_phase1_inspector.py::test_inspector_deleted_object_does_not_crash PASSED [ 37%]
tests/editor/test_phase1_pipeline_contract.py::test_phase1_pipeline_keeps_official_visual_order PASSED [ 37%]
tests/editor/test_phase1_pipeline_contract.py::test_paint_gl_only_prepares_renders_and_finishes PASSED [ 37%]
tests/editor/test_phase1_pipeline_contract.py::test_viewport_has_no_private_render_pass_callbacks PASSED [ 37%]
tests/editor/test_phase1_rotate_tool.py::test_rotate_gizmo_overlay_exists_on_viewport PASSED [ 37%]
tests/editor/test_phase1_rotate_tool.py::test_editor_state_has_snap_angle PASSED [ 37%]
tests/editor/test_phase1_rotate_tool.py::test_rotate_tool_status_message PASSED [ 37%]
tests/editor/test_phase1_rotate_tool.py::test_rotate_gizmo_hit_test_detects_ring PASSED [ 37%]
tests/editor/test_phase1_rotate_tool.py::test_rotate_gizmo_hit_test_detects_center PASSED [ 37%]
tests/editor/test_phase1_rotate_tool.py::test_rotate_gizmo_hit_test_rejects_far_point PASSED [ 37%]
tests/editor/test_phase1_rotate_tool.py::test_rotate_tool_begin_drag_returns_true_on_valid_object PASSED [ 37%]
tests/editor/test_phase1_rotate_tool.py::test_rotate_tool_begin_drag_returns_false_for_select_tool PASSED [ 37%]
tests/editor/test_phase1_rotate_tool.py::test_rotate_tool_drag_changes_rz PASSED [ 37%]
tests/editor/test_phase1_rotate_tool.py::test_rotate_tool_drag_does_not_move_position PASSED [ 37%]
tests/editor/test_phase1_rotate_tool.py::test_rotate_tool_registers_undo_command PASSED [ 37%]
tests/editor/test_phase1_rotate_tool.py::test_rotate_tool_undo_restores_rz PASSED [ 38%]
tests/editor/test_phase1_rotate_tool.py::test_rotate_tool_redo_reapplies_rz PASSED [ 38%]
tests/editor/test_phase1_rotate_tool.py::test_rotate_tool_no_command_when_no_rotation PASSED [ 38%]
tests/editor/test_phase1_rotate_tool.py::test_rotate_tool_snap_enabled_snaps_to_angle PASSED [ 38%]
tests/editor/test_phase1_rotate_tool.py::test_rotate_tool_snap_disabled_allows_free_rotation PASSED [ 38%]
tests/editor/test_phase1_rotate_tool.py::test_rotate_tool_blocked_during_play_mode PASSED [ 38%]
tests/editor/test_phase1_rotate_tool.py::test_rotate_drag_does_not_interfere_with_move_drag PASSED [ 38%]
tests/editor/test_phase1_rotate_tool.py::test_viewport_rotate_drag_cleans_up_after_end PASSED [ 38%]
tests/editor/test_phase1_rotate_tool.py::test_undo_redo_toolbar_actions_enabled_state PASSED [ 38%]
tests/editor/test_phase1_scale_tool.py::test_scale_tool_begin_drag_returns_true_on_valid_object PASSED [ 38%]
tests/editor/test_phase1_scale_tool.py::test_scale_tool_begin_drag_returns_false_for_wrong_tool PASSED [ 38%]
tests/editor/test_phase1_scale_tool.py::test_scale_tool_drag_changes_scale_right_center PASSED [ 38%]
tests/editor/test_phase1_scale_tool.py::test_scale_tool_snap_enabled PASSED [ 38%]
tests/editor/test_phase1_scale_tool.py::test_scale_tool_registers_undo_command PASSED [ 38%]
tests/editor/test_phase1_scale_tool.py::test_scale_tool_blocked_during_play_mode PASSED [ 38%]
tests/editor/test_phase1_viewport_pro.py::test_viewport_camera_pan PASSED [ 38%]
tests/editor/test_phase1_viewport_pro.py::test_viewport_camera_zoom_boundaries PASSED [ 38%]
tests/editor/test_phase1_viewport_pro.py::test_viewport_camera_coordinates_roundtrip PASSED [ 38%]
tests/editor/test_phase1_viewport_pro.py::test_viewport_camera_zoom_to_mouse_preserves_anchor PASSED [ 38%]
tests/editor/test_phase1_viewport_pro.py::test_bounding_box_eight_handles_rotation PASSED [ 38%]
tests/editor/test_phase1_viewport_pro.py::test_bounding_box_can_hide_scale_handles PASSED [ 39%]
tests/editor/test_phase1_viewport_pro.py::test_viewport_renderer_shows_handles_only_for_scale_tool PASSED [ 39%]
tests/editor/test_phase1_viewport_pro.py::test_viewport_renderer_hides_handles_during_play_mode PASSED [ 39%]
tests/editor/test_phase1_viewport_pro.py::test_phase1_viewport_syncs_legacy_scale_handles_by_active_tool PASSED [ 39%]
tests/editor/test_phase1_viewport_pro.py::test_grid_renderer_opacity_fading PASSED [ 39%]
tests/editor/test_phase1_viewport_pro.py::test_viewport_public_coordinate_api PASSED [ 39%]
tests/editor/test_phase1_viewport_pro.py::test_bounding_box_apis_rectangular_bounds PASSED [ 39%]
tests/editor/test_phase1_viewport_pro.py::test_bounding_box_apis_circular_bounds PASSED [ 39%]
tests/editor/test_phase1_viewport_pro.py::test_bounding_box_apis_eight_handle_positions PASSED [ 39%]
tests/editor/test_phase1_viewport_pro.py::test_bounding_box_apis_hit_test_handle PASSED [ 39%]
tests/editor/test_phase1_viewport_pro.py::test_bounding_box_draw_no_selection_no_crash PASSED [ 39%]
tests/editor/test_play_session_stability.py::test_stop_restores_all_nested_components_and_selection PASSED [ 39%]
tests/editor/test_play_session_stability.py::test_repeated_play_request_does_not_replace_original_edit_snapshot PASSED [ 39%]
tests/editor/test_play_session_stability.py::test_stop_discards_prefabs_spawned_by_visual_logic PASSED [ 39%]
tests/editor/test_play_session_stability.py::test_selection_is_recovered_by_stable_id PASSED [ 39%]
tests/editor/test_play_session_stability.py::test_pause_and_resume_are_forwarded_to_every_audio_channel PASSED [ 39%]
tests/editor/test_play_session_stability.py::test_editor_and_viewport_integrate_session_lock_and_audio_pause PASSED [ 39%]
tests/editor/test_play_session_stability.py::test_generic_property_command_captures_old_value_without_invalid_syntax PASSED [ 39%]
tests/editor/test_play_session_stability.py::test_runtime_restart_resets_physics_and_restarts_autoplay_audio PASSED [ 39%]
tests/editor/test_play_session_stability.py::test_viewport_has_one_runtime_lifecycle_and_initializes_spawned_prefabs PASSED [ 39%]
tests/editor/test_project_browser_improvements.py::test_project_browser_thumbnail_keys PASSED [ 40%]
tests/editor/test_project_browser_improvements.py::test_project_browser_search_by_name_extension_and_type PASSED [ 40%]
tests/editor/test_project_browser_improvements.py::test_project_browser_rename_preserves_guid_and_refreshes_database PASSED [ 40%]
tests/editor/test_project_browser_improvements.py::test_project_browser_move_preserves_guid_and_refreshes_database PASSED [ 40%]
tests/editor/test_project_browser_improvements.py::test_project_browser_duplicate_creates_new_guid PASSED [ 40%]
tests/editor/test_project_browser_improvements.py::test_project_browser_delete_removes_asset_and_meta PASSED [ 40%]
tests/editor/test_project_browser_improvements.py::test_project_browser_create_folder_uses_unique_name PASSED [ 40%]
tests/editor/test_project_browser_improvements.py::test_project_browser_session_tracks_view_mode_and_favorites PASSED [ 40%]
tests/editor/test_project_exporter.py::test_development_export_contains_scene_assets_and_launchers PASSED [ 40%]
tests/editor/test_project_exporter.py::test_exported_game_validates_outside_the_editor PASSED [ 40%]
tests/editor/test_project_exporter.py::test_export_report_contains_metrics_and_is_saved PASSED [ 40%]
tests/editor/test_project_exporter.py::test_export_report_rejects_invalid_scene_without_partial_build PASSED [ 40%]
tests/editor/test_project_exporter.py::test_export_report_warns_about_missing_scene_asset PASSED [ 40%]
tests/editor/test_project_exporter.py::test_exported_runtime_contains_all_standalone_dependencies PASSED [ 40%]
tests/editor/test_project_exporter.py::test_runtime_scene_loader_preserves_play_mode_components PASSED [ 40%]
tests/editor/test_project_exporter.py::test_export_ignores_legacy_python_scripts PASSED [ 40%]
tests/editor/test_project_exporter.py::test_export_preserves_distinct_uppercase_and_lowercase_asset_roots PASSED [ 40%]
tests/editor/test_project_exporter.py::test_export_bundles_visual_logic_prefabs_animation_audio_and_images PASSED [ 40%]
tests/editor/test_project_validator.py::test_valid_project_passes_with_player_camera_and_canvas PASSED [ 40%]
tests/editor/test_project_validator.py::test_validator_reports_duplicate_missing_assets_and_incomplete_runtime PASSED [ 40%]
tests/editor/test_project_validator.py::test_legacy_script_is_ignored_by_visual_logic_validator PASSED [ 41%]
[...]
tests/ui/test_button.py::TestUpdate::test_hover_t_decreases_toward_zero_when_not_hovered PASSED [ 89%]
tests/ui/test_button.py::TestUpdate::test_hover_t_capped_near_one PASSED [ 89%]
tests/ui/test_button.py::TestUpdate::test_update_dt_zero_no_change PASSED [ 89%]
tests/ui/test_button.py::TestLerpColor::test_lerp_at_zero_returns_a PASSED [ 90%]
tests/ui/test_button.py::TestLerpColor::test_lerp_at_one_returns_b PASSED [ 90%]
tests/ui/test_button.py::TestLerpColor::test_lerp_midpoint PASSED        [ 90%]
tests/ui/test_button.py::TestDrawSelf::test_draw_calls_pygame_draw_rect PASSED [ 90%]
tests/ui/test_button.py::TestDrawSelf::test_disabled_uses_color_disabled PASSED [ 90%]
tests/ui/test_button.py::TestDrawSelf::test_pressed_uses_color_pressed PASSED [ 90%]
tests/ui/test_button.py::TestDrawSelf::test_normal_state_bg_color_is_lerp PASSED [ 90%]
tests/ui/test_button.py::TestDrawSelf::test_pressed_extra_draw_rect_called PASSED [ 90%]
tests/ui/test_button.py::TestDrawSelf::test_screen_blit_called_for_text PASSED [ 90%]
tests/ui/test_button.py::TestDrawSelf::test_pressed_text_offset_y PASSED [ 90%]
tests/ui/test_label.py::TestLabelInit::test_text_stored PASSED           [ 90%]
tests/ui/test_label.py::TestLabelInit::test_default_text_empty PASSED    [ 90%]
tests/ui/test_label.py::TestLabelInit::test_font_size_stored PASSED      [ 90%]
tests/ui/test_label.py::TestLabelInit::test_color_stored PASSED          [ 90%]
tests/ui/test_label.py::TestLabelInit::test_bold_stored PASSED           [ 90%]
tests/ui/test_label.py::TestLabelInit::test_italic_stored PASSED         [ 90%]
tests/ui/test_label.py::TestLabelInit::test_shadow_default_false PASSED  [ 90%]
tests/ui/test_label.py::TestLabelInit::test_dirty_on_init PASSED         [ 90%]
tests/ui/test_label.py::TestLabelInit::test_surface_none_on_init PASSED  [ 90%]
tests/ui/test_label.py::TestLabelInit::test_font_none_on_init PASSED     [ 90%]
tests/ui/test_label.py::TestSetText::test_set_text_updates_text PASSED   [ 91%]
tests/ui/test_label.py::TestSetText::test_set_text_marks_dirty PASSED    [ 91%]
tests/ui/test_label.py::TestSetText::test_set_same_text_no_dirty PASSED  [ 91%]
tests/ui/test_label.py::TestSetText::test_set_color_marks_dirty PASSED   [ 91%]
tests/ui/test_label.py::TestSetText::test_set_color_updates_color PASSED [ 91%]
tests/ui/test_label.py::TestRebuild::test_rebuild_clears_dirty PASSED    [ 91%]
tests/ui/test_label.py::TestRebuild::test_rebuild_sets_surface PASSED    [ 91%]
tests/ui/test_label.py::TestRebuild::test_rebuild_creates_font PASSED    [ 91%]
tests/ui/test_label.py::TestRebuild::test_double_draw_no_double_rebuild PASSED [ 91%]
tests/ui/test_label.py::TestRebuild::test_set_text_triggers_rebuild_on_next_draw PASSED [ 91%]
tests/ui/test_label.py::TestNaturalSize::test_natural_width_from_surface PASSED [ 91%]
tests/ui/test_label.py::TestNaturalSize::test_natural_height_from_surface PASSED [ 91%]
tests/ui/test_label.py::TestNaturalSize::test_natural_width_triggers_rebuild_if_dirty PASSED [ 91%]
tests/ui/test_label.py::TestNaturalSize::test_natural_height_triggers_rebuild_if_dirty PASSED [ 91%]
tests/ui/test_label.py::TestDrawSelf::test_draw_calls_blit PASSED        [ 91%]
tests/ui/test_label.py::TestDrawSelf::test_draw_rebuilds_when_dirty PASSED [ 91%]
tests/ui/test_label.py::TestDrawSelf::test_draw_without_shadow_one_blit PASSED [ 91%]
tests/ui/test_label.py::TestDrawSelf::test_draw_with_shadow_two_blits PASSED [ 91%]
tests/ui/test_label.py::TestDrawSelf::test_shadow_blit_offset_by_one PASSED [ 91%]
tests/ui/test_label.py::TestDrawSelf::test_draw_invisible_no_blit PASSED [ 91%]
tests/ui/test_label.py::TestDrawSelf::test_draw_empty_text_no_crash PASSED [ 92%]
tests/ui/test_progress_bar.py::TestInit::test_value_stored PASSED        [ 92%]
tests/ui/test_progress_bar.py::TestInit::test_max_value_stored PASSED    [ 92%]
tests/ui/test_progress_bar.py::TestInit::test_display_value_equals_value_on_init PASSED [ 92%]
tests/ui/test_progress_bar.py::TestInit::test_smooth_default_true PASSED [ 92%]
tests/ui/test_progress_bar.py::TestInit::test_smooth_speed_stored PASSED [ 92%]
tests/ui/test_progress_bar.py::TestInit::test_show_text_default_false PASSED [ 92%]
tests/ui/test_progress_bar.py::TestInit::test_color_fill_stored PASSED   [ 92%]
tests/ui/test_progress_bar.py::TestInit::test_color_bg_stored PASSED     [ 92%]
tests/ui/test_progress_bar.py::TestInit::test_border_radius_stored PASSED [ 92%]
tests/ui/test_progress_bar.py::TestInit::test_font_none_on_init PASSED   [ 92%]
tests/ui/test_progress_bar.py::TestRatio::test_ratio_half PASSED         [ 92%]
tests/ui/test_progress_bar.py::TestRatio::test_ratio_full PASSED         [ 92%]
tests/ui/test_progress_bar.py::TestRatio::test_ratio_empty PASSED        [ 92%]
tests/ui/test_progress_bar.py::TestRatio::test_ratio_clamped_above_one PASSED [ 92%]
tests/ui/test_progress_bar.py::TestRatio::test_ratio_clamped_below_zero PASSED [ 92%]
tests/ui/test_progress_bar.py::TestRatio::test_ratio_zero_max_returns_zero PASSED [ 92%]
tests/ui/test_progress_bar.py::TestSetValue::test_set_value_normal PASSED [ 92%]
tests/ui/test_progress_bar.py::TestSetValue::test_set_value_clamped_above_max PASSED [ 92%]
tests/ui/test_progress_bar.py::TestSetValue::test_set_value_clamped_below_zero PASSED [ 93%]
tests/ui/test_progress_bar.py::TestSetValue::test_set_value_zero PASSED  [ 93%]
tests/ui/test_progress_bar.py::TestSetValue::test_set_value_exact_max PASSED [ 93%]
tests/ui/test_progress_bar.py::TestUpdate::test_smooth_display_moves_toward_value PASSED [ 93%]
tests/ui/test_progress_bar.py::TestUpdate::test_smooth_display_snaps_when_close PASSED [ 93%]
tests/ui/test_progress_bar.py::TestUpdate::test_smooth_false_display_equals_value_instantly PASSED [ 93%]
tests/ui/test_progress_bar.py::TestUpdate::test_smooth_display_decreases_when_value_lower PASSED [ 93%]
tests/ui/test_progress_bar.py::TestUpdate::test_update_dt_zero_no_movement PASSED [ 93%]
tests/ui/test_progress_bar.py::TestUpdate::test_display_value_never_overshoots PASSED [ 93%]
tests/ui/test_progress_bar.py::TestDrawSelf::test_draw_calls_draw_rect_bg PASSED [ 93%]
tests/ui/test_progress_bar.py::TestDrawSelf::test_draw_bg_color_correct PASSED [ 93%]
tests/ui/test_progress_bar.py::TestDrawSelf::test_draw_fill_color_correct PASSED [ 93%]
tests/ui/test_progress_bar.py::TestDrawSelf::test_draw_no_fill_when_empty PASSED [ 93%]
tests/ui/test_progress_bar.py::TestDrawSelf::test_draw_with_border_three_calls PASSED [ 93%]
tests/ui/test_progress_bar.py::TestDrawSelf::test_draw_no_border_two_calls_when_full PASSED [ 93%]
tests/ui/test_progress_bar.py::TestDrawSelf::test_show_text_calls_blit PASSED [ 93%]
tests/ui/test_progress_bar.py::TestDrawSelf::test_show_text_false_no_blit PASSED [ 93%]
tests/ui/test_progress_bar.py::TestDrawSelf::test_fill_width_proportional PASSED [ 93%]
tests/ui/test_progress_bar.py::TestDrawSelf::test_fill_width_zero_when_empty PASSED [ 93%]
tests/ui/test_progress_bar.py::TestDrawSelf::test_invisible_no_draw PASSED [ 93%]
tests/ui/test_ui_base.py::TestAnchorEnum::test_all_nine_values PASSED    [ 94%]
tests/ui/test_ui_base.py::TestAnchorEnum::test_top_left_exists PASSED    [ 94%]
tests/ui/test_ui_base.py::TestAnchorEnum::test_middle_center_exists PASSED [ 94%]
tests/ui/test_ui_base.py::TestAnchorEnum::test_bottom_right_exists PASSED [ 94%]
tests/ui/test_ui_base.py::TestPivotEnum::test_all_nine_values PASSED     [ 94%]
tests/ui/test_ui_base.py::TestPivotEnum::test_middle_center_exists PASSED [ 94%]
tests/ui/test_ui_base.py::TestUIElementInit::test_defaults_xy_zero PASSED [ 94%]
tests/ui/test_ui_base.py::TestUIElementInit::test_defaults_wh_zero PASSED [ 94%]
tests/ui/test_ui_base.py::TestUIElementInit::test_defaults_visible_true PASSED [ 94%]
tests/ui/test_ui_base.py::TestUIElementInit::test_defaults_no_parent PASSED [ 94%]
tests/ui/test_ui_base.py::TestUIElementInit::test_defaults_no_children PASSED [ 94%]
tests/ui/test_ui_base.py::TestUIElementInit::test_custom_xy PASSED       [ 94%]
tests/ui/test_ui_base.py::TestUIElementInit::test_custom_wh PASSED       [ 94%]
tests/ui/test_ui_base.py::TestUIElementInit::test_custom_anchor PASSED   [ 94%]
tests/ui/test_ui_base.py::TestUIElementInit::test_custom_pivot PASSED    [ 94%]
tests/ui/test_ui_base.py::TestUIElementInit::test_name_stored PASSED     [ 94%]
tests/ui/test_ui_base.py::TestHierarchy::test_add_child_appends PASSED   [ 94%]
tests/ui/test_ui_base.py::TestHierarchy::test_add_child_sets_parent PASSED [ 94%]
tests/ui/test_ui_base.py::TestHierarchy::test_add_child_returns_child PASSED [ 94%]
tests/ui/test_ui_base.py::TestHierarchy::test_remove_child PASSED        [ 94%]
tests/ui/test_ui_base.py::TestHierarchy::test_remove_child_clears_parent PASSED [ 95%]
tests/ui/test_ui_base.py::TestHierarchy::test_remove_nonexistent_child_no_crash PASSED [ 95%]
tests/ui/test_ui_base.py::TestHierarchy::test_multiple_children PASSED   [ 95%]
tests/ui/test_ui_base.py::TestGetRect::test_top_left_anchor_origin PASSED [ 95%]
tests/ui/test_ui_base.py::TestGetRect::test_top_left_anchor_with_offset PASSED [ 95%]
tests/ui/test_ui_base.py::TestGetRect::test_middle_center_anchor_no_offset PASSED [ 95%]
tests/ui/test_ui_base.py::TestGetRect::test_middle_center_pivot_centers_element PASSED [ 95%]
tests/ui/test_ui_base.py::TestGetRect::test_bottom_right_anchor PASSED   [ 95%]
tests/ui/test_ui_base.py::TestGetRect::test_width_height_in_rect PASSED  [ 95%]
tests/ui/test_ui_base.py::TestGetRect::test_natural_width_used_when_zero PASSED [ 95%]
tests/ui/test_ui_base.py::TestGetRect::test_natural_height_used_when_zero PASSED [ 95%]
tests/ui/test_ui_base.py::TestGetRect::test_child_anchored_to_parent PASSED [ 95%]
tests/ui/test_ui_base.py::TestContainsPoint::test_inside_returns_true PASSED [ 95%]
tests/ui/test_ui_base.py::TestContainsPoint::test_outside_returns_false PASSED [ 95%]
tests/ui/test_ui_base.py::TestContainsPoint::test_edge_top_left_inside PASSED [ 95%]
tests/ui/test_ui_base.py::TestContainsPoint::test_edge_bottom_right_outside PASSED [ 95%]
tests/ui/test_ui_base.py::TestVisibility::test_draw_invisible_skips_children PASSED [ 95%]
tests/ui/test_ui_base.py::TestVisibility::test_update_invisible_skips_children PASSED [ 95%]
tests/ui/test_ui_base.py::TestVisibility::test_handle_event_invisible_returns_false PASSED [ 95%]
tests/ui/test_ui_base.py::TestVisibility::test_draw_visible_calls_draw_self PASSED [ 95%]
tests/ui/test_ui_base.py::TestHandleEvent::test_returns_false_by_default PASSED [ 96%]
tests/ui/test_ui_base.py::TestHandleEvent::test_child_consuming_event_stops_propagation PASSED [ 96%]
tests/ui/test_ui_base.py::TestHandleEvent::test_children_iterated_in_reverse PASSED [ 96%]
tests/ui/test_ui_base.py::TestUpdate::test_update_propagates_to_children PASSED [ 96%]
tests/ui/test_ui_base.py::TestUpdate::test_update_calls_all_children PASSED [ 96%]
tests/ui/test_ui_base.py::TestRepr::test_repr_contains_class PASSED      [ 96%]
tests/ui/test_ui_base.py::TestRepr::test_repr_contains_name PASSED       [ 96%]
tests/ui/test_ui_base.py::TestRepr::test_repr_contains_dimensions PASSED [ 96%]
tests/ui/test_ui_runtime_foundation.py::test_canvas_component_creation PASSED [ 96%]
tests/ui/test_ui_runtime_foundation.py::test_label_and_button_component_creation PASSED [ 96%]
tests/ui/test_ui_runtime_foundation.py::test_ui_renderer_draws_label_after_canvas_exists PASSED [ 96%]
tests/ui/test_ui_runtime_foundation.py::test_ui_renderer_draws_image_placeholder_and_button PASSED [ 96%]
tests/ui/test_ui_runtime_foundation.py::test_ui_components_serialize_and_deserialize PASSED [ 96%]
tests/ui/test_ui_runtime_foundation.py::test_runtime_ui_is_isolated_and_hidden_from_world_draw PASSED [ 96%]
tests/unit/test_asset_pipeline.py::test_importer_registry_resolves_correctly PASSED [ 96%]
tests/unit/test_asset_pipeline.py::test_texture_importer_creates_meta PASSED [ 96%]
tests/unit/test_asset_pipeline.py::test_importer_preserves_uuid_and_updates_settings PASSED [ 96%]
tests/unit/test_asset_pipeline.py::test_audio_importer_creates_meta PASSED [ 96%]
tests/unit/test_audio_system.py::test_audio_components_initialization PASSED [ 96%]
tests/unit/test_audio_system.py::test_audio_registration_and_removal PASSED [ 96%]
tests/unit/test_audio_system.py::test_audio_playback_controls PASSED     [ 97%]
tests/unit/test_audio_system.py::test_audio_serialization_deserialization PASSED [ 97%]
tests/unit/test_audio_system.py::test_runtime_isolation_and_fallback PASSED [ 97%]
tests/unit/test_audio_system.py::test_runtime_listener_registry_ignores_stale_editor_listener PASSED [ 97%]
tests/unit/test_camera_system.py::test_camera_component_initialization PASSED [ 97%]
tests/unit/test_camera_system.py::test_camera_registration_and_removal PASSED [ 97%]
tests/unit/test_camera_system.py::test_main_camera_static_shortcut PASSED [ 97%]
tests/unit/test_camera_system.py::test_camera_manager_set_main_camera PASSED [ 97%]
tests/unit/test_camera_system.py::test_camera_serialization_deserialization PASSED [ 97%]
tests/unit/test_camera_system.py::test_runtime_scene_camera_isolation_and_fallback PASSED [ 97%]
tests/unit/test_game_object.py::test_go_has_unique_id PASSED             [ 97%]
tests/unit/test_game_object.py::test_go_short_id_is_8_chars PASSED       [ 97%]
tests/unit/test_game_object.py::test_go_name PASSED                      [ 97%]
tests/unit/test_game_object.py::test_go_tag_default PASSED               [ 97%]
tests/unit/test_game_object.py::test_go_tag_custom PASSED                [ 97%]
tests/unit/test_game_object.py::test_go_active_by_default PASSED         [ 97%]
tests/unit/test_game_object.py::test_go_repr PASSED                      [ 97%]
tests/unit/test_game_object.py::test_go_has_transform_on_creation PASSED [ 97%]
tests/unit/test_game_object.py::test_go_transform_default_position PASSED [ 97%]
tests/unit/test_game_object.py::test_add_component_returns_component PASSED [ 97%]
tests/unit/test_game_object.py::test_get_component_returns_correct_type PASSED [ 98%]
tests/unit/test_game_object.py::test_get_component_returns_none_when_missing PASSED [ 98%]
tests/unit/test_game_object.py::test_get_components_returns_all_of_type PASSED [ 98%]
tests/unit/test_game_object.py::test_remove_component PASSED             [ 98%]
tests/unit/test_game_object.py::test_added_component_knows_its_game_object PASSED [ 98%]
tests/unit/test_game_object.py::test_add_child PASSED                    [ 98%]
tests/unit/test_game_object.py::test_remove_child PASSED                 [ 98%]
tests/unit/test_game_object.py::test_reparenting_removes_from_old_parent PASSED [ 98%]
tests/unit/test_game_object.py::test_update_calls_component_update PASSED [ 98%]
tests/unit/test_game_object.py::test_inactive_go_skips_update PASSED     [ 98%]
tests/unit/test_game_object.py::test_destroy_deactivates_and_clears PASSED [ 98%]
tests/unit/test_gizmo_system.py::test_gizmo_registry_and_resolution PASSED [ 98%]
tests/unit/test_gizmo_system.py::test_camera_gizmo_rendering PASSED      [ 98%]
tests/unit/test_gizmo_system.py::test_box_collider_gizmo_rendering PASSED [ 98%]
tests/unit/test_gizmo_system.py::test_circle_collider_gizmo_rendering PASSED [ 98%]
tests/unit/test_gizmo_system.py::test_audio_gizmos_rendering PASSED      [ 98%]
tests/unit/test_package_manager.py::test_package_load_and_validate_success PASSED [ 98%]
tests/unit/test_package_manager.py::test_package_invalid_json PASSED     [ 98%]
tests/unit/test_package_manager.py::test_package_missing_fields PASSED   [ 98%]
tests/unit/test_package_manager.py::test_package_manager_install_uninstall PASSED [ 98%]
tests/unit/test_package_manager.py::test_package_manager_update PASSED   [ 99%]
tests/unit/test_transform.py::test_transform_default_position PASSED     [ 99%]
tests/unit/test_transform.py::test_transform_default_rotation PASSED     [ 99%]
tests/unit/test_transform.py::test_transform_default_scale PASSED        [ 99%]
tests/unit/test_transform.py::test_transform_set_x PASSED                [ 99%]
tests/unit/test_transform.py::test_transform_set_y PASSED                [ 99%]
tests/unit/test_transform.py::test_transform_set_position_array PASSED   [ 99%]
tests/unit/test_transform.py::test_transform_set_rz PASSED               [ 99%]
tests/unit/test_transform.py::test_transform_set_rotation_array PASSED   [ 99%]
tests/unit/test_transform.py::test_transform_set_sx PASSED               [ 99%]
tests/unit/test_transform.py::test_transform_set_scale_array PASSED      [ 99%]
tests/unit/test_transform.py::test_transform_translate_2d PASSED         [ 99%]
tests/unit/test_transform.py::test_transform_translate_preserves_z PASSED [ 99%]
tests/unit/test_transform.py::test_transform_rotate PASSED               [ 99%]
tests/unit/test_transform.py::test_transform_rotate_accumulates PASSED   [ 99%]
tests/unit/test_transform.py::test_transform_position_is_float32 PASSED  [ 99%]
tests/unit/test_transform.py::test_transform_scale_is_float32 PASSED     [ 99%]
tests/unit/test_transform.py::test_world_position_no_parent PASSED       [ 99%]
tests/unit/test_transform.py::test_world_position_with_parent PASSED     [ 99%]
tests/unit/test_transform.py::test_transform_repr_contains_go_name PASSED [100%]

=================================== FAILURES ===================================
_____ test_phase1_selection_manager_syncs_viewport_hierarchy_and_inspector _____
tests/editor/test_phase1_editor_context.py:457: in test_phase1_selection_manager_syncs_viewport_hierarchy_and_inspector
    assert phase1_editor.viewport.active_scene.selected_index == 1
E   assert -1 == 1
E    +  where -1 = <Scene 'Editor2DScene' objects=2>.selected_index
E    +    where <Scene 'Editor2DScene' objects=2> = <editor.widgets.phase1_viewport.Phase1ViewportWidget(0x562ff841aa10, name="ViewportCanvas") at 0x7f1b460e8c80>.active_scene
E    +      where <editor.widgets.phase1_viewport.Phase1ViewportWidget(0x562ff841aa10, name="ViewportCanvas") at 0x7f1b460e8c80> = <editor.phase1_editor.ZennityPhase1Editor(0x562ff81f6cd0, name="ZennityPremiumEditor") at 0x7f1b45f74f40>.viewport
---------------------------- Captured stderr setup -----------------------------
QOpenGLWidget is not supported on this platform.
=============================== warnings summary ===============================
../../../../../opt/hostedtoolcache/Python/3.11.15/x64/lib/python3.11/site-packages/pygame/pkgdata.py:25
  /opt/hostedtoolcache/Python/3.11.15/x64/lib/python3.11/site-packages/pygame/pkgdata.py:25: DeprecationWarning: pkg_resources is deprecated as an API. See https://setuptools.pypa.io/en/latest/pkg_resources.html
    from pkg_resources import resource_stream, resource_exists

engine/graphics/renderer.py:4
  /home/runner/work/zennity-engine-game/zennity-engine-game/engine/graphics/renderer.py:4: DeprecationWarning: engine.component está deprecado. Use: from engine.core import Component, Transform
    from engine.component import Component

engine/__init__.py:2
  /home/runner/work/zennity-engine-game/zennity-engine-game/engine/__init__.py:2: DeprecationWarning: engine.scene_manager está deprecado. Use: from engine.core import SceneManager
    from .scene_manager import SceneManager

-- Docs: https://docs.pytest.org/en/stable/how-to/capture-warnings.html
=========================== short test summary info ============================
FAILED tests/editor/test_phase1_editor_context.py::test_phase1_selection_manager_syncs_viewport_hierarchy_and_inspector - assert -1 == 1
 +  where -1 = <Scene 'Editor2DScene' objects=2>.selected_index
 +    where <Scene 'Editor2DScene' objects=2> = <editor.widgets.phase1_viewport.Phase1ViewportWidget(0x562ff841aa10, name="ViewportCanvas") at 0x7f1b460e8c80>.active_scene
 +      where <editor.widgets.phase1_viewport.Phase1ViewportWidget(0x562ff841aa10, name="ViewportCanvas") at 0x7f1b460e8c80> = <editor.phase1_editor.ZennityPhase1Editor(0x562ff81f6cd0, name="ZennityPremiumEditor") at 0x7f1b45f74f40>.viewport
============ 1 failed, 1985 passed, 1 skipped, 3 warnings in 21.59s ============
